[2012-08-15 18:42:10] app.ERROR: The function "path" does not exist in "test.html.twig" at line 22 [] []
[2012-08-15 18:42:29] app.ERROR: The function "path" does not exist in "test.html.twig" at line 24 [] []
[2012-08-15 18:42:30] app.ERROR: The function "path" does not exist in "test.html.twig" at line 24 [] []
[2012-08-15 18:42:31] app.ERROR: The function "path" does not exist in "test.html.twig" at line 24 [] []
[2012-08-15 18:43:22] app.ERROR: The function "path" does not exist in "test.html.twig" at line 34 [] []
[2012-08-15 18:43:23] app.ERROR: The function "path" does not exist in "test.html.twig" at line 34 [] []
[2012-08-15 18:43:34] app.ERROR: Method "session" for object "Silex\Application" does not exist in "test.html.twig" at line 34 [] []
[2012-08-15 18:44:24] app.ERROR: Method "session" for object "Silex\Application" does not exist in "test.html.twig" at line 48 [] []
[2012-08-18 13:24:14] app.ERROR: Variable "app2" does not exist in "test.html.twig" at line 50 [] []
[2012-08-18 18:33:01] app.ERROR: Контент не доступен [] []
[2012-08-18 18:33:27] app.ERROR: Контент не доступен [] []
[2012-08-18 18:37:48] app.ERROR: Контент не доступен [] []
[2012-08-18 18:37:49] app.ERROR: Контент не доступен [] []
[2012-08-18 18:37:51] app.ERROR: Контент не доступен [] []
[2012-08-18 18:39:02] app.ERROR: Variable "title" does not exist in "test.html.twig" at line 7 [] []
[2012-08-19 21:15:31] app.ERROR: Контент не доступен [] []
[2012-08-20 04:18:04] app.ERROR: Контент не доступен [] []
[2012-08-21 07:41:33] app.ERROR: Контент не доступен [] []
[2012-08-21 17:32:23] app.ERROR: Контент не доступен [] []
[2012-08-21 17:34:09] app.ERROR: Контент не доступен [] []
[2012-08-21 17:34:10] app.ERROR: Контент не доступен [] []
[2012-08-21 17:34:10] app.ERROR: Контент не доступен [] []
[2012-08-21 17:34:12] app.ERROR: Контент не доступен [] []
[2012-08-21 17:34:13] app.ERROR: Контент не доступен [] []
[2012-08-21 17:34:21] app.ERROR: Контент не доступен [] []
[2012-08-21 17:34:22] app.ERROR: Контент не доступен [] []
[2012-08-21 17:34:54] app.ERROR: Контент не доступен [] []
[2012-08-21 17:34:55] app.ERROR: Контент не доступен [] []
[2012-08-21 17:34:55] app.ERROR: Контент не доступен [] []
[2012-08-21 17:35:06] app.ERROR: Контент не доступен [] []
[2012-08-21 17:35:06] app.ERROR: Контент не доступен [] []
[2012-08-21 17:35:24] app.ERROR: Контент не доступен [] []
[2012-08-21 17:35:25] app.ERROR: Контент не доступен [] []
[2012-08-21 17:35:25] app.ERROR: Контент не доступен [] []
[2012-08-21 17:35:25] app.ERROR: Контент не доступен [] []
[2012-08-21 17:35:25] app.ERROR: Контент не доступен [] []
[2012-08-22 04:27:22] app.ERROR: Контент не доступен [] []
[2012-08-22 13:06:29] app.ERROR: Контент не доступен [] []
[2012-08-22 13:21:19] app.ERROR: No route found for "GET /en/geography/china" [] []
[2012-08-22 13:50:12] app.ERROR: No route found for "GET /en/geography/china" [] []
[2012-08-22 13:50:13] app.ERROR: No route found for "GET /en/geography/china" [] []
[2012-08-22 13:50:14] app.ERROR: No route found for "GET /en/geography/china" [] []
[2012-08-22 13:59:29] app.ERROR: No route found for "GET /en/" [] []
[2012-08-22 13:59:30] app.ERROR: No route found for "GET /en/" [] []
[2012-08-22 13:59:31] app.ERROR: No route found for "GET /en/" [] []
[2012-08-22 13:59:31] app.ERROR: No route found for "GET /en/" [] []
[2012-08-22 14:00:33] app.ERROR: No route found for "GET /en/" [] []
[2012-08-22 14:00:41] app.ERROR: No route found for "GET /en/" [] []
[2012-08-22 14:02:16] app.ERROR: No route found for "GET /en/" [] []
[2012-08-22 14:03:29] app.ERROR: No route found for "GET /en/" [] []
[2012-08-22 14:07:31] app.ERROR: No route found for "GET /en/" [] []
[2012-08-22 14:07:33] app.ERROR: No route found for "GET /en/" [] []
[2012-08-22 14:17:14] app.ERROR: No route found for "GET /en/contacts/" [] []
[2012-08-22 14:18:02] app.ERROR: No route found for "GET /en/contacts/" [] []
[2012-08-22 14:18:03] app.ERROR: No route found for "GET /en/contacts/" [] []
[2012-08-22 14:18:04] app.ERROR: No route found for "GET /en/contacts/" [] []
[2012-08-22 14:18:05] app.ERROR: No route found for "GET /en/contacts/" [] []
[2012-08-22 14:18:34] app.ERROR: No route found for "GET /en/contacts/" [] []
[2012-08-22 14:18:34] app.ERROR: No route found for "GET /en/contacts/" [] []
[2012-08-22 14:18:35] app.ERROR: No route found for "GET /en/contacts/" [] []
[2012-08-22 14:19:16] app.ERROR: No route found for "GET /en/contacts/" [] []
[2012-08-22 14:19:17] app.ERROR: No route found for "GET /en/contacts/" [] []
[2012-08-22 14:19:19] app.ERROR: No route found for "GET /en/contacts/" [] []
[2012-08-22 14:26:01] app.ERROR: No route found for "GET /en/contacts/" [] []
[2012-08-22 14:26:06] app.ERROR: No route found for "GET /en/contacts/" [] []
[2012-08-22 14:26:06] app.ERROR: No route found for "GET /en/contacts/" [] []
[2012-08-22 14:26:07] app.ERROR: No route found for "GET /en/contacts/" [] []
[2012-08-22 14:28:06] app.ERROR: Контент не доступен [] []
[2012-08-22 14:28:08] app.ERROR: No route found for "GET /en/contacts/" [] []
[2012-08-22 14:28:08] app.ERROR: Контент не доступен [] []
[2012-08-22 14:28:30] app.ERROR: Контент не доступен [] []
[2012-08-22 14:29:07] app.ERROR: Контент не доступен [] []
[2012-08-22 14:39:55] app.ERROR: Контент не доступен [] []
[2012-08-22 14:39:56] app.ERROR: Контент не доступен [] []
[2012-08-22 14:39:56] app.ERROR: Контент не доступен [] []
[2012-08-22 14:42:34] app.ERROR: Контент не доступен [] []
[2012-08-22 14:42:35] app.ERROR: Контент не доступен [] []
[2012-08-22 14:42:36] app.ERROR: Контент не доступен [] []
[2012-08-22 14:42:37] app.ERROR: Контент не доступен [] []
[2012-08-22 14:44:40] app.ERROR: Контент не доступен [] []
[2012-08-22 14:44:44] app.ERROR: Контент не доступен [] []
[2012-08-22 14:44:46] app.ERROR: Контент не доступен [] []
[2012-08-22 14:44:54] app.ERROR: Контент не доступен [] []
[2012-08-22 14:44:55] app.ERROR: Контент не доступен [] []
[2012-08-22 14:45:05] app.ERROR: Контент не доступен [] []
[2012-08-22 14:56:26] app.ERROR: No route found for "GET /en/geography/china" [] []
[2012-08-22 16:34:32] app.ERROR: Контент не доступен [] []
[2012-08-22 16:34:36] app.ERROR: Контент не доступен [] []
[2012-08-22 16:46:23] app.ERROR: 404 [] []
[2012-08-22 16:46:27] app.ERROR: 404 [] []
[2012-08-22 16:47:38] app.ERROR: 404 [] []
[2012-08-22 16:47:39] app.ERROR: 404 [] []
[2012-08-22 16:47:39] app.ERROR: 404 [] []
[2012-08-22 16:47:43] app.ERROR: 404 [] []
[2012-08-22 16:50:58] app.ERROR: 404 [] []
[2012-08-22 16:53:56] app.ERROR: 404 [] []
[2012-08-22 16:54:20] app.ERROR: 404 [] []
[2012-08-22 16:54:38] app.ERROR: 404 [] []
[2012-08-22 16:55:09] app.ERROR: 404 [] []
[2012-08-22 16:55:09] app.ERROR: 404 [] []
[2012-08-22 16:55:22] app.ERROR: 404 [] []
[2012-08-22 16:55:34] app.ERROR: 404 [] []
[2012-08-22 16:57:28] app.ERROR: 404 [] []
[2012-08-22 16:58:19] app.ERROR: 404 [] []
[2012-08-22 16:58:33] app.ERROR: Контент не доступен [] []
[2012-08-22 17:01:02] app.ERROR: 404 [] []
[2012-08-22 17:01:10] app.ERROR: 404 [] []
[2012-08-22 17:08:55] app.ERROR: 404 [] []
[2012-08-22 17:09:20] app.ERROR: Контент не доступен [] []
[2012-08-22 17:12:11] app.ERROR: 404 [] []
[2012-08-22 17:12:17] app.ERROR: 404 [] []
[2012-08-22 17:14:47] app.ERROR: 404 [] []
[2012-08-22 17:14:48] app.ERROR: 404 [] []
[2012-08-22 17:14:49] app.ERROR: 404 [] []
[2012-08-22 17:15:09] app.ERROR: 404 [] []
[2012-08-22 17:15:10] app.ERROR: 404 [] []
[2012-08-22 17:15:11] app.ERROR: 404 [] []
[2012-08-22 17:15:13] app.ERROR: 404 [] []
[2012-08-22 17:17:25] app.ERROR: 404 [] []
[2012-08-22 17:17:27] app.ERROR: 404 [] []
[2012-08-22 17:17:36] app.ERROR: 404 [] []
[2012-08-22 17:17:37] app.ERROR: 404 [] []
[2012-08-22 17:17:37] app.ERROR: 404 [] []
[2012-08-22 17:17:38] app.ERROR: 404 [] []
[2012-08-22 17:17:38] app.ERROR: 404 [] []
[2012-08-22 17:17:38] app.ERROR: 404 [] []
[2012-08-22 17:17:38] app.ERROR: 404 [] []
[2012-08-22 17:17:39] app.ERROR: 404 [] []
[2012-08-22 17:17:39] app.ERROR: 404 [] []
[2012-08-22 17:17:44] app.ERROR: 404 [] []
[2012-08-22 17:17:44] app.ERROR: 404 [] []
[2012-08-22 17:17:44] app.ERROR: 404 [] []
[2012-08-22 17:17:45] app.ERROR: 404 [] []
[2012-08-22 17:17:45] app.ERROR: 404 [] []
[2012-08-22 17:17:45] app.ERROR: 404 [] []
[2012-08-22 17:17:45] app.ERROR: 404 [] []
[2012-08-22 17:17:46] app.ERROR: 404 [] []
[2012-08-22 17:17:46] app.ERROR: 404 [] []
[2012-08-22 17:17:46] app.ERROR: 404 [] []
[2012-08-22 17:17:46] app.ERROR: 404 [] []
[2012-08-22 17:17:47] app.ERROR: 404 [] []
[2012-08-22 17:18:03] app.ERROR: 404 [] []
[2012-08-22 17:18:03] app.ERROR: 404 [] []
[2012-08-22 17:18:21] app.ERROR: 404 [] []
[2012-08-22 17:18:22] app.ERROR: 404 [] []
[2012-08-22 17:18:26] app.ERROR: Item "title" for "" does not exist in "test.html.twig" at line 7 [] []
[2012-08-22 17:18:49] app.ERROR: 404 [] []
[2012-08-22 17:18:51] app.ERROR: 404 [] []
[2012-08-22 17:18:54] app.ERROR: 404 [] []
[2012-08-22 17:18:55] app.ERROR: 404 [] []
[2012-08-22 17:19:43] app.ERROR: 404 [] []
[2012-08-22 17:19:57] app.ERROR: 404 [] []
[2012-08-22 17:20:37] app.ERROR: 404 [] []
[2012-08-22 17:20:38] app.ERROR: 404 [] []
[2012-08-22 17:22:43] app.ERROR: 404 [] []
[2012-08-22 17:23:17] app.ERROR: 404 [] []
[2012-08-22 17:23:58] app.ERROR: 404 [] []
[2012-08-22 17:24:12] app.ERROR: 404 [] []
[2012-08-22 17:24:19] app.ERROR: 404 [] []
[2012-08-22 17:25:24] app.ERROR: 404 [] []
[2012-08-22 17:25:25] app.ERROR: 404 [] []
[2012-08-22 17:25:26] app.ERROR: 404 [] []
[2012-08-22 17:25:28] app.ERROR: 404 [] []
[2012-08-22 17:25:30] app.ERROR: 404 [] []
[2012-08-22 17:25:44] app.ERROR: 404 [] []
[2012-08-22 17:25:50] app.ERROR: 404 [] []
[2012-08-22 17:26:04] app.ERROR: 404 [] []
[2012-08-22 17:26:55] app.ERROR: 404 [] []
[2012-08-22 17:27:15] app.ERROR: 404 [] []
[2012-08-22 17:33:01] app.ERROR: 404 [] []
[2012-08-22 19:34:15] app.ERROR: 404 [] []
[2012-08-22 19:34:25] app.ERROR: 404 [] []
[2012-08-22 19:35:34] app.ERROR: 404 [] []
[2012-08-22 19:35:35] app.ERROR: 404 [] []
[2012-08-22 19:35:36] app.ERROR: 404 [] []
[2012-08-22 19:35:37] app.ERROR: 404 [] []
[2012-08-22 19:36:11] app.ERROR: 404 [] []
[2012-08-22 19:36:28] app.ERROR: 404 [] []
[2012-08-22 19:42:10] app.ERROR: 404 [] []
[2012-08-22 19:42:11] app.ERROR: 404 [] []
[2012-08-22 19:42:17] app.ERROR: 404 [] []
[2012-08-22 19:42:23] app.ERROR: 404 [] []
[2012-08-22 19:42:39] app.ERROR: 404 [] []
[2012-08-23 08:49:04] app.ERROR: 404 [] []
[2012-08-23 08:49:49] app.ERROR: 404 [] []
[2012-08-23 08:49:50] app.ERROR: 404 [] []
[2012-08-23 08:49:51] app.ERROR: 404 [] []
[2012-08-23 08:50:30] app.ERROR: 404 [] []
[2012-08-23 08:52:00] app.ERROR: 404 [] []
[2012-08-23 08:52:01] app.ERROR: 404 [] []
[2012-08-23 08:52:55] app.ERROR: 404 [] []
[2012-08-23 08:53:00] app.ERROR: Контент не доступен [] []
[2012-08-23 08:53:04] app.ERROR: Контент не доступен [] []
[2012-08-23 08:53:12] app.ERROR: Контент не доступен [] []
[2012-08-23 08:53:15] app.ERROR: 404 [] []
[2012-08-23 08:53:18] app.ERROR: Контент не доступен [] []
[2012-08-23 08:54:29] app.ERROR: Контент не доступен [] []
[2012-08-23 08:54:30] app.ERROR: Контент не доступен [] []
[2012-08-23 08:56:20] app.ERROR: 404 [] []
[2012-08-23 08:56:23] app.ERROR: Контент не доступен [] []
[2012-08-23 09:45:32] app.ERROR: Контент не доступен [] []
[2012-08-23 09:45:34] app.ERROR: Контент не доступен [] []
[2012-08-23 09:47:26] app.ERROR: Контент не доступен [] []
[2012-08-23 14:43:19] app.ERROR: Class Symfony\Component\HttpKernel\Exception\Silex\Application does not exist [] []
[2012-08-23 14:47:04] app.ERROR: Контент не доступен [] []
[2012-08-23 14:56:10] app.ERROR: Контент не доступен [] []
[2012-08-23 15:37:49] app.ERROR: Контент не доступен [] []
[2012-08-23 15:38:22] app.ERROR: Контент не доступен [] []
[2012-08-23 15:38:23] app.ERROR: Контент не доступен [] []
[2012-08-23 15:38:23] app.ERROR: Контент не доступен [] []
[2012-08-23 15:56:42] app.ERROR:  [] []
[2012-08-23 15:59:26] app.ERROR:  [] []
[2012-08-23 16:00:42] app.ERROR:  [] []
[2012-08-23 16:00:43] app.ERROR:  [] []
[2012-08-23 16:00:43] app.ERROR:  [] []
[2012-08-23 16:00:43] app.ERROR:  [] []
[2012-08-23 16:00:44] app.ERROR:  [] []
[2012-08-23 16:00:44] app.ERROR:  [] []
[2012-08-23 16:00:57] app.ERROR:  [] []
[2012-08-23 16:02:44] app.ERROR:  [] []
[2012-08-23 16:02:44] app.ERROR:  [] []
[2012-08-23 16:35:12] app.ERROR:  [] []
[2012-08-23 16:35:56] app.ERROR:  [] []
[2012-08-23 16:36:58] app.ERROR:  [] []
[2012-08-23 16:37:53] app.ERROR:  [] []
[2012-08-23 16:37:54] app.ERROR:  [] []
[2012-08-23 16:39:16] app.ERROR:  [] []
[2012-08-23 16:39:17] app.ERROR:  [] []
[2012-08-23 16:40:08] app.ERROR:  [] []
[2012-08-23 16:40:09] app.ERROR:  [] []
[2012-08-23 16:40:54] app.ERROR:  [] []
[2012-08-23 16:40:55] app.ERROR:  [] []
[2012-08-23 16:43:30] app.ERROR:  [] []
[2012-08-23 16:43:31] app.ERROR:  [] []
[2012-08-23 16:43:37] app.ERROR:  [] []
[2012-08-23 16:43:37] app.ERROR:  [] []
[2012-08-23 16:43:47] app.ERROR:  [] []
[2012-08-23 16:45:13] app.ERROR:  [] []
[2012-08-23 16:45:14] app.ERROR:  [] []
[2012-08-23 16:45:14] app.ERROR:  [] []
[2012-08-23 16:45:14] app.ERROR:  [] []
[2012-08-23 16:45:14] app.ERROR:  [] []
[2012-08-23 16:45:15] app.ERROR:  [] []
[2012-08-23 16:45:27] app.ERROR:  [] []
[2012-08-23 16:46:05] app.ERROR:  [] []
[2012-08-23 16:46:05] app.ERROR:  [] []
[2012-08-23 16:46:06] app.ERROR:  [] []
[2012-08-23 16:46:25] app.ERROR:  [] []
[2012-08-23 16:46:27] app.ERROR:  [] []
[2012-08-23 16:47:07] app.ERROR:  [] []
[2012-08-23 16:47:07] app.ERROR:  [] []
[2012-08-23 16:50:52] app.ERROR:  [] []
[2012-08-23 16:50:53] app.ERROR:  [] []
[2012-08-23 16:51:28] app.ERROR:  [] []
[2012-08-23 16:51:29] app.ERROR:  [] []
[2012-08-23 16:51:29] app.ERROR:  [] []
[2012-08-23 16:51:29] app.ERROR:  [] []
[2012-08-23 16:51:29] app.ERROR:  [] []
[2012-08-23 20:45:10] app.ERROR:  [] []
[2012-08-24 12:50:19] app.ERROR:  [] []
[2012-08-24 12:59:03] app.ERROR:  [] []
[2012-08-24 13:00:22] app.ERROR:  [] []
[2012-08-24 13:00:29] app.ERROR:  [] []
[2012-08-24 18:34:16] app.ERROR: An exception has been thrown during the rendering of a template ("The menu "main" exists, but is not a valid menu item object. Check where you created the menu to be sure it returns an ItemInterface object.") in "test.html.twig" at line 44. [] []
[2012-08-24 18:42:03] app.ERROR: An exception has been thrown during the rendering of a template ("The menu "main" is not defined.") in "test.html.twig" at line 44. [] []
[2012-08-24 18:42:19] app.ERROR: An exception has been thrown during the rendering of a template ("The menu "main" is not defined.") in "test.html.twig" at line 44. [] []
[2012-08-24 18:42:20] app.ERROR: An exception has been thrown during the rendering of a template ("The menu "main" is not defined.") in "test.html.twig" at line 44. [] []
[2012-08-24 18:59:44] app.ERROR: Контент не доступен для страницы _geography [] []
[2012-08-25 12:59:12] app.ERROR:  [] []
[2012-08-25 13:54:33] app.ERROR:  [] []
[2012-08-25 13:54:33] app.ERROR:  [] []
[2012-08-25 15:12:18] app.ERROR: The "translator" extension is not enabled in "test.html.twig" at line 22. [] []
[2012-08-26 13:25:38] app.ERROR:  [] []
[2012-08-26 14:15:44] app.ERROR: Variable "layout" does not exist in "page.html.twig" [] []
[2012-08-26 14:16:00] app.ERROR: Variable "head" does not exist in "page.html.twig" [] []
[2012-08-26 14:16:24] app.ERROR: Unexpected character ";" in "head.html.twig" at line 3 [] []
[2012-08-26 14:16:40] app.ERROR: Expected name or number in "head.html.twig" at line 3 [] []
[2012-08-26 14:42:55] app.ERROR: Expected name or number in "head.html.twig" at line 3 [] []
[2012-08-26 14:42:56] app.ERROR: Expected name or number in "head.html.twig" at line 3 [] []
[2012-08-26 14:43:22] app.ERROR: Template "sidebar.html.twig" is not defined (Twig_Loader_Filesystem: Unable to find template "sidebar.html.twig" (looked into: D:\Sites\silex\web/../views, D:\Sites\silex\vendor\knplabs\knp-menu\src\Knp\Menu\Silex/../Resources/views) in "page.html.twig". Twig_Loader_Array: Template "sidebar.html.twig" is not defined in "page.html.twig".) in "page.html.twig". [] []
[2012-08-26 14:43:58] app.ERROR: Unexpected character "&" in "sidebar.html.twig" at line 14 [] []
[2012-08-26 14:46:26] app.ERROR: Variable "page_slug" does not exist in "page.html.twig" [] []
[2012-08-26 14:47:32] app.ERROR: Variable "page_slug" does not exist in "page.html.twig" [] []
[2012-08-26 14:47:33] app.ERROR: Variable "page_slug" does not exist in "page.html.twig" [] []
[2012-08-26 14:51:47] app.ERROR: Unexpected character ";" in "footer.html.twig" at line 6 [] []
[2012-08-26 14:52:26] app.ERROR: Unexpected tag name "date" (expecting closing tag for the "block" tag defined near line 2) in "footer.html.twig" at line 6 [] []
[2012-08-26 14:56:59] app.ERROR:  [] []
[2012-08-26 14:58:25] app.ERROR: No route found for "GET /en/geography/%7B%7B%20image_path%20%7D%7D/china.jpg" [] []
[2012-08-26 14:58:27] app.ERROR: No route found for "GET /en/geography/%7B%7B%20image_path%20%7D%7D/china.jpg" [] []
[2012-08-26 15:00:20] app.ERROR: Template "D:\Sites\silex\src/../content/geography_china.html.twig" is not defined (Twig_Loader_Filesystem: Unable to find template "D:/Sites/silex/src/../content/geography_china.html.twig" (looked into: D:\Sites\silex\web/../views, D:\Sites\silex\vendor\knplabs\knp-menu\src\Knp\Menu\Silex/../Resources/views) in "page.html.twig". Twig_Loader_Array: Template "D:\Sites\silex\src/../content/geography_china.html.twig" is not defined in "page.html.twig".) in "page.html.twig". [] []
[2012-08-26 15:00:41] app.ERROR: Контент не доступен для страницы geography_china [] []
[2012-08-26 15:06:30] app.ERROR: Контент не доступен для страницы geography_china [] []
[2012-08-26 15:06:31] app.ERROR: Контент не доступен для страницы geography_china [] []
[2012-08-26 15:06:32] app.ERROR: Контент не доступен для страницы geography_china [] []
[2012-08-26 15:06:33] app.ERROR: Контент не доступен для страницы geography_china [] []
[2012-08-26 15:15:14] app.ERROR: Контент не доступен для страницы _ [] []
[2012-08-26 15:18:49] app.ERROR: Контент не доступен для страницы  [] []
[2012-08-26 15:19:01] app.ERROR: Контент не доступен для страницы _ [] []
[2012-08-26 15:19:10] app.ERROR: Контент не доступен для страницы _ [] []
[2012-08-26 15:21:44] app.ERROR: Контент не доступен для страницы ndex [] []
[2012-08-26 15:21:45] app.ERROR: Контент не доступен для страницы ndex [] []
[2012-08-26 15:22:31] app.ERROR: Контент не доступен для страницы index [] []
[2012-08-26 15:22:32] app.ERROR: Контент не доступен для страницы index [] []
[2012-08-26 15:24:06] app.ERROR: Variable "locale" does not exist in "page.html.twig" [] []
[2012-08-26 15:43:01] app.ERROR: Variable "locale" does not exist in "page.html.twig" [] []
[2012-08-26 15:43:02] app.ERROR: Variable "locale" does not exist in "page.html.twig" [] []
[2012-08-26 15:43:03] app.ERROR: Variable "locale" does not exist in "page.html.twig" [] []
[2012-08-26 15:58:10] app.ERROR: Method "ru" for object "Parcels\Locale" does not exist in "page.html.twig" [] []
[2012-08-26 15:58:55] app.ERROR: Method "ru" for object "Parcels\Locale" does not exist in "page.html.twig" [] []
[2012-08-26 16:10:36] app.ERROR:  [] []
[2012-08-26 16:30:30] app.ERROR: Контент не доступен для страницы  [] []
[2012-08-26 16:31:21] app.ERROR: Контент не доступен для страницы ndex [] []
[2012-08-26 16:32:16] app.ERROR: Контент не доступен для страницы index [] []
[2012-08-26 16:35:35] app.ERROR: Контент не доступен для страницы n_ [] []
[2012-08-26 16:39:56] app.ERROR: Template "" is not defined (Twig_Loader_Filesystem: Unable to find template "" (looked into: D:\Sites\silex\web/../views, D:\Sites\silex\src/../content, D:\Sites\silex\vendor\knplabs\knp-menu\src\Knp\Menu\Silex/../Resources/views) in "page.html.twig". Twig_Loader_Array: Template "" is not defined in "page.html.twig".) in "page.html.twig". [] []
[2012-08-26 16:42:14] app.ERROR: Контент не доступен для страницы payment [] []
[2012-08-26 16:52:14] app.ERROR:  [] []
[2012-08-26 17:02:30] app.ERROR:  [] []
[2012-08-26 18:00:06] app.ERROR: Unexpected token "punctuation" of value ":" in "layout.html.twig" at line 12 [] []
[2012-08-27 08:43:57] app.ERROR: A message inside a trans tag must be a simple text in "layout.html.twig" [] []
[2012-08-27 08:43:57] app.ERROR:  [] []
[2012-08-27 11:18:33] app.ERROR: The function "knp_menu_render" does not exist in "layout.html.twig" at line 23 [] []
[2012-08-27 14:36:23] app.ERROR: A template that extends another one cannot have a body in "page.html.twig" at line 2. [] []
[2012-08-27 14:39:58] app.ERROR: A hash value must be followed by a comma. Unexpected token "string" of value "knp_menu2.html.twig" ("punctuation" expected with value ",") in "page.html.twig" at line 3 [] []
[2012-08-29 13:36:45] app.ERROR: Template "knp_menu2.html.twig" is not defined (Twig_Loader_Filesystem: Unable to find template "knp_menu2.html.twig" (looked into: D:\Sites\silex\web/../views, D:\Sites\silex\src/../content, D:\Sites\silex\vendor\knplabs\knp-menu\src\Knp\Menu\Silex/../Resources/views) in "layout.html.twig" at line 23. Twig_Loader_Array: Template "knp_menu2.html.twig" is not defined in "layout.html.twig" at line 23.) in "layout.html.twig" at line 23. [] []
[2012-08-29 13:49:01] app.ERROR:  [] []
[2012-08-29 13:49:26] app.ERROR: Template "knp_menu2.html.twig" is not defined (Twig_Loader_Filesystem: Unable to find template "knp_menu2.html.twig" (looked into: D:\Sites\silex\web/../views, D:\Sites\silex\src/../content, D:\Sites\silex\vendor\knplabs\knp-menu\src\Knp\Menu\Silex/../Resources/views) in "layout.html.twig" at line 29. Twig_Loader_Array: Template "knp_menu2.html.twig" is not defined in "layout.html.twig" at line 29.) in "layout.html.twig" at line 29. [] []
[2012-08-29 13:50:15] app.ERROR: Template "knp_menu2.html.twig" is not defined (Twig_Loader_Filesystem: Unable to find template "knp_menu2.html.twig" (looked into: D:\Sites\silex\web/../views, D:\Sites\silex\src/../content, D:\Sites\silex\vendor\knplabs\knp-menu\src\Knp\Menu\Silex/../Resources/views) in "layout.html.twig" at line 29. Twig_Loader_Array: Template "knp_menu2.html.twig" is not defined in "layout.html.twig" at line 29.) in "layout.html.twig" at line 29. [] []
[2012-08-29 13:53:02] app.ERROR:  [] []
[2012-08-29 13:53:07] app.ERROR:  [] []
[2012-08-29 13:53:09] app.ERROR:  [] []
[2012-08-29 13:54:12] app.ERROR:  [] []
[2012-08-29 13:55:52] app.ERROR:  [] []
[2012-08-29 13:58:58] app.ERROR: ru [] []
[2012-08-29 13:59:50] app.ERROR: ru [] []
[2012-08-29 14:00:42] app.ERROR: ru [] []
[2012-08-29 14:00:54] app.ERROR: en [] []
[2012-08-29 14:01:37] app.ERROR: en [] []
[2012-08-29 17:55:17] app.ERROR: An exception has been thrown during the rendering of a template ("Unable to parse in "D:\\Sites\\silex\\src\/..\/content\/locales\/en.yml" at line 14 (near "'Перечень всех услуг'").") in "layout.html.twig" at line 94. [] []
[2012-08-29 17:55:17] app.ERROR: ru [] []
[2012-08-30 05:15:00] app.ERROR: An exception has been thrown during the rendering of a template ("Unable to parse in "D:\\Sites\\silex\\src\/..\/content\/locales\/en.yml" at line 22 (near "'Мы отправляем и доставляем посылки из <a href="{{ locale.uri }}/geography">любой</a> страны мира. Вот самые популярные направления: 'We deliver parcels <a href="{{ locale.uri }}/geography">across the world</a>. Here are the most popular destinations:'").") in "layout.html.twig" at line 88. [] []
[2012-08-30 05:15:00] app.ERROR: ru [] []
[2012-08-30 05:16:12] app.ERROR: A message inside a trans tag must be a simple text in "layout.html.twig" [] []
[2012-08-30 05:19:18] app.ERROR: Variable "locale.uri" does not exist in "layout.html.twig" at line 80 [] []
[2012-08-30 05:24:27] app.ERROR: An exception has been thrown during the rendering of a template ("Unable to parse in "D:\\Sites\\silex\\src\/..\/content\/locales\/en.yml" at line 22 (near "'Мы отправляем и доставляем").") in "layout.html.twig" at line 90. [] []
[2012-08-30 06:07:20] app.ERROR: An exception has been thrown during the rendering of a template ("Unable to parse in "D:\\Sites\\silex\\src\/..\/content\/locales\/en.yml" at line 58 (near "'Международные перевозки'       'International shipments'").") in "layout.html.twig" at line 90. [] []
[2012-08-30 10:02:34] app.ERROR: No route found for "GET /css/styles./en.css" [] []
[2012-08-30 10:06:47] app.ERROR: ru [] []
[2012-08-30 10:06:50] app.ERROR: ru [] []
[2012-08-30 10:08:39] app.ERROR: ru [] []
[2012-08-30 10:08:40] app.ERROR: ru [] []
[2012-08-30 10:28:54] app.ERROR: Unexpected tag name "endstrans" (expecting closing tag for the "trans" tag defined near line 37) in "layout.html.twig" at line 39 [] []
[2012-08-30 10:29:30] app.ERROR: An exception has been thrown during the rendering of a template ("Unable to parse in "D:\\Sites\\silex\\src\/..\/content\/locales\/en.yml" at line 28 (near "'Автоматическая отправка<br />").") in "layout.html.twig" at line 12. [] []
[2012-08-30 11:15:39] app.ERROR: en [] []
[2012-08-30 16:21:10] app.ERROR: Method "breadcrumbs" for object "Parcels\Page" does not exist in "layout.html.twig" at line 109 [] []
[2012-08-30 17:09:33] app.ERROR: Method "currentAncestor" for object "Knp\Menu\MenuItem" does not exist in "layout.html.twig" at line 58 [] []
[2012-08-30 17:10:48] app.ERROR: Method "currentAncestor" for object "Knp\Menu\MenuItem" does not exist in "layout.html.twig" at line 58 [] []
[2012-08-30 17:10:49] app.ERROR: Method "currentAncestor" for object "Knp\Menu\MenuItem" does not exist in "layout.html.twig" at line 58 [] []
[2012-08-30 17:12:30] app.ERROR: Method "currentAncestor" for object "Knp\Menu\MenuItem" does not exist in "layout.html.twig" at line 57 [] []
[2012-08-30 17:13:07] app.ERROR: Method "currentAncestor" for object "Knp\Menu\MenuItem" does not exist in "layout.html.twig" at line 58 [] []
[2012-08-30 17:15:57] app.ERROR: Method "currentAncestor" for object "Knp\Menu\MenuItem" does not exist in "layout.html.twig" at line 58 [] []
[2012-08-30 17:15:58] app.ERROR: Method "currentAncestor" for object "Knp\Menu\MenuItem" does not exist in "layout.html.twig" at line 58 [] []
[2012-08-30 17:15:59] app.ERROR: Method "currentAncestor" for object "Knp\Menu\MenuItem" does not exist in "layout.html.twig" at line 58 [] []
[2012-08-30 17:57:37] app.ERROR: Identifier "main_menu.wrapper" is not defined. [] []
[2012-08-30 18:01:41] app.ERROR: Identifier "main_menu.wrapper" is not defined. [] []
[2012-08-30 18:02:03] app.ERROR: Identifier "main_menu.wrapper" is not defined. [] []
[2012-08-30 18:02:04] app.ERROR: Identifier "main_menu.wrapper" is not defined. [] []
[2012-08-30 18:02:05] app.ERROR: Identifier "main_menu.wrapper" is not defined. [] []
[2012-08-30 18:02:06] app.ERROR: Identifier "main_menu.wrapper" is not defined. [] []
[2012-08-30 18:04:20] app.ERROR: Identifier "main_menu.wrapper" is not defined. [] []
[2012-08-30 18:24:10] app.ERROR: Identifier "main_menu.wrapper" is not defined. [] []
[2012-08-30 18:29:23] app.ERROR: Method "currentAncestor" for object "Knp\Menu\MenuItem" does not exist in "layout.html.twig" at line 58 [] []
[2012-08-30 18:38:08] app.ERROR: en [] []
[2012-08-30 18:47:06] app.ERROR: Unexpected token "operator" of value "=" ("end of statement block" expected) in "head.html.twig" at line 3 [] []
[2012-08-30 18:47:13] app.ERROR: Unexpected token "operator" of value "=" ("end of statement block" expected) in "head.html.twig" at line 3 [] []
[2012-08-30 18:47:24] app.ERROR: Unexpected token "punctuation" of value "." ("end of statement block" expected) in "head.html.twig" at line 4 [] []
[2012-08-30 18:49:22] app.ERROR: Unexpected token "punctuation" of value "." ("end of statement block" expected) in "head.html.twig" at line 4 [] []
[2012-08-30 18:49:42] app.ERROR: Unexpected tag name "page" (expecting closing tag for the "if" tag defined near line 4) in "head.html.twig" at line 4 [] []
[2012-08-30 18:51:50] app.ERROR: Variable "title" does not exist in "layout.html.twig" at line 63 [] []
[2012-08-31 07:33:01] app.ERROR: en [] []
[2012-08-31 07:33:01] app.ERROR: en [] []
[2012-08-31 07:33:03] app.ERROR: en [] []
[2012-08-31 07:33:04] app.ERROR: en [] []
[2012-08-31 11:32:06] app.ERROR: Контент не доступен для страницы commercial-parcels [] []
[2012-08-31 11:32:06] app.ERROR: ru [] []
[2012-08-31 11:32:06] app.ERROR: ru [] []
[2012-08-31 11:52:45] app.ERROR: Контент не доступен для страницы commercial-parcels [] []
[2012-08-31 11:53:22] app.ERROR: Контент не доступен для страницы commercial-parcels [] []
[2012-08-31 11:53:36] app.ERROR: Контент не доступен для страницы commercial-parcels [] []
[2012-08-31 11:53:38] app.ERROR: Контент не доступен для страницы commercial-parcels [] []
[2012-08-31 11:54:33] app.ERROR: No route found for "GET /images/content/commercial-parcels.jpg" [] []
[2012-08-31 11:54:34] app.ERROR: No route found for "GET /images/content/commercial-parcels.jpg" [] []
[2012-08-31 11:54:34] app.ERROR: No route found for "GET /images/content/commercial-parcels.jpg" [] []
[2012-08-31 11:58:13] app.ERROR: en [] []
[2012-08-31 12:17:35] app.ERROR: en [] []
[2012-08-31 13:54:59] app.ERROR: ru [] []
[2012-08-31 19:29:50] app.ERROR: en [] []
[2012-08-31 19:30:23] app.ERROR: en [] []
[2012-08-31 19:30:28] app.ERROR: en [] []
[2012-08-31 19:30:33] app.ERROR: en [] []
[2012-08-31 19:39:57] app.ERROR: en [] []
[2012-09-30 18:18:06] app.ERROR: ru [] []
[2012-10-02 19:38:34] app.ERROR: An exception has been thrown during the rendering of a template ("Unable to parse in "E:\\Sites\\silex\\src\/..\/content\/locales\/en.yml" at line 93 (near "'Попробуйте еще раз:' 'Please try again'").") in "layout.html.twig" at line 64. [] []
[2012-10-02 19:38:34] app.ERROR: ru [] []
[2012-10-04 07:55:16] app.ERROR: An exception has been thrown during the rendering of a template ("The menu "main_menu" is not defined.") in "layout.html.twig" at line 109. [] []
[2012-10-04 07:55:16] app.ERROR: ru [] []
[2012-10-04 07:55:20] app.ERROR: An exception has been thrown during the rendering of a template ("The menu "main_menu" is not defined.") in "layout.html.twig" at line 109. [] []
[2012-10-04 07:55:59] app.ERROR: An exception has been thrown during the rendering of a template ("The menu "main_menu" is not defined.") in "layout.html.twig" at line 109. [] []
[2012-10-04 07:56:14] app.ERROR: Template "::breadcrumbs.html.twig" is not defined (Twig_Loader_Filesystem: Unable to find template "::breadcrumbs.html.twig" (looked into: E:\Sites\silex\web/../views, E:\Sites\silex\src/../content, E:\Sites\silex\vendor\knplabs\knp-menu\src\Knp\Menu\Silex/../Resources/views) in "layout.html.twig" at line 109. Twig_Loader_Array: Template "::breadcrumbs.html.twig" is not defined in "layout.html.twig" at line 109.) in "layout.html.twig" at line 109. [] []
[2012-10-04 07:56:27] app.ERROR: Item "breadcrumbsArray" for "" does not exist in "layout.html.twig" at line 4 [] []
[2012-10-04 07:58:06] app.ERROR: Item "breadcrumbsArray" for "" does not exist in "layout.html.twig" at line 4 [] []
[2012-10-04 07:58:13] app.ERROR: Item "breadcrumbsArray" for "" does not exist in "layout.html.twig" at line 4 [] []
[2012-10-04 07:58:26] app.ERROR: Item "breadcrumbsArray" for "" does not exist in "layout.html.twig" at line 1 [] []
[2012-10-04 07:58:36] app.ERROR: Item "breadcrumbsArray" for "" does not exist in "layout.html.twig" at line 4 [] []
[2012-10-04 08:04:10] app.ERROR: Item "getBreadcrumbsArray" for "" does not exist in "layout.html.twig" at line 4 [] []
[2012-10-04 08:12:15] app.ERROR: Item "getBreadcrumbsArray" for "" does not exist in "layout.html.twig" at line 4 [] []
[2012-10-04 08:12:19] app.ERROR: Item "getBreadcrumbsArray" for "" does not exist in "layout.html.twig" at line 4 [] []
[2012-10-04 08:12:25] app.ERROR: Item "getBreadcrumbsArray" for "" does not exist in "layout.html.twig" at line 4 [] []
[2012-10-04 08:12:41] app.ERROR: Item "breadcrumbsArray" for "" does not exist in "layout.html.twig" at line 4 [] []
[2012-10-04 08:12:42] app.ERROR: Item "breadcrumbsArray" for "" does not exist in "layout.html.twig" at line 4 [] []
[2012-10-04 09:14:38] app.ERROR: Variable "currentItem" does not exist in "layout.html.twig" at line 4 [] []
[2012-10-04 09:14:47] app.ERROR: Item "getBreadcrumbsArray" for "" does not exist in "layout.html.twig" at line 4 [] []
[2012-10-04 09:14:51] app.ERROR: Item "breadcrumbsArray" for "" does not exist in "layout.html.twig" at line 4 [] []
[2012-10-04 09:14:56] app.ERROR: Item "getBreadcrumbsArray" for "" does not exist in "layout.html.twig" at line 4 [] []
[2012-10-04 09:16:12] app.ERROR: Item "getBreadcrumbsArray" for "" does not exist in "layout.html.twig" at line 4 [] []
[2012-10-04 09:23:19] app.ERROR: Item "getBreadcrumbsArray" for "Array" does not exist in "layout.html.twig" at line 4 [] []
[2012-10-04 09:25:37] app.ERROR: Item "getBreadcrumbsArray" for "" does not exist in "layout.html.twig" at line 4 [] []
[2012-10-04 09:34:44] app.ERROR: Unexpected tag name "dump" (expecting closing tag for the "block" tag defined near line 2) in "breadcrumbs.html.twig" at line 2 [] []
[2012-10-04 10:05:56] app.ERROR: Method "currentAncestor" for object "Knp\Menu\MenuItem" does not exist in "layout.html.twig" at line 58 [] []
[2012-10-04 10:06:46] app.ERROR: Method "currentAncestor" for object "Knp\Menu\MenuItem" does not exist in "layout.html.twig" at line 57 [] []
[2012-10-04 11:38:25] app.ERROR: Variable "locale" does not exist in "layout.html.twig" at line 76 [] []
[2012-10-04 11:54:20] app.ERROR: Variable "locale" does not exist in "layout.html.twig" at line 76 [] []
[2012-10-04 12:04:53] app.ERROR: Method "currentItem" for object "Knp\Menu\MenuItem" does not exist in "layout.html.twig" at line 4 [] []
[2012-10-04 12:37:00] app.ERROR: Unexpected token "punctuation" of value "." ("end of statement block" expected) in "knp_menu.html.twig" at line 79 [] []
[2012-10-04 12:38:38] app.ERROR: Method "currentAncestor" for object "Knp\Menu\MenuItem" does not exist in "layout.html.twig" at line 117 [] []
[2012-10-04 12:38:49] app.ERROR: Method "currentAncestor" for object "Knp\Menu\MenuItem" does not exist in "layout.html.twig" at line 58 [] []
[2012-10-04 12:39:19] app.ERROR: Method "currentAncestor" for object "Knp\Menu\MenuItem" does not exist in "layout.html.twig" at line 58 [] []
[2012-10-04 12:41:31] app.ERROR: Unexpected token "punctuation" of value "." ("end of statement block" expected) in "knp_menu.html.twig" at line 76 [] []
[2012-10-04 12:42:17] app.ERROR: Unexpected token "punctuation" of value "." ("end of statement block" expected) in "knp_menu.html.twig" at line 76 [] []
[2012-10-04 12:47:58] app.ERROR: Unexpected token "punctuation" of value "." ("end of statement block" expected) in "knp_menu.html.twig" at line 76 [] []
[2012-10-04 12:47:59] app.ERROR: Unexpected token "punctuation" of value "." ("end of statement block" expected) in "knp_menu.html.twig" at line 76 [] []
[2012-10-04 12:49:41] app.ERROR: Unexpected token "punctuation" of value "." ("end of statement block" expected) in "knp_menu.html.twig" at line 75 [] []
[2012-10-04 12:49:43] app.ERROR: Unexpected token "punctuation" of value "." ("end of statement block" expected) in "knp_menu.html.twig" at line 75 [] []
[2012-10-04 12:55:18] app.ERROR: Variable "linkAttributes" does not exist in "layout.html.twig" at line 78 [] []
[2012-10-04 12:58:15] app.ERROR: Unexpected token "punctuation" of value "." ("end of statement block" expected) in "knp_menu.html.twig" at line 76 [] []
[2012-10-04 12:58:23] app.ERROR: Unexpected token "punctuation" of value "." ("end of statement block" expected) in "knp_menu.html.twig" at line 76 [] []
[2012-10-04 12:59:28] app.ERROR: Variable "linkAttributes" does not exist in "layout.html.twig" at line 78 [] []
[2012-10-04 13:00:03] app.ERROR: Unexpected tag name "linkAttributes" (expecting closing tag for the "if" tag defined near line 83) in "knp_menu.html.twig" at line 83 [] []
[2012-10-04 13:12:26] app.ERROR: Variable "linkClass" does not exist in "layout.html.twig" at line 76 [] []
[2012-10-04 13:14:21] app.ERROR: Variable "linkAttributes" does not exist in "layout.html.twig" at line 78 [] []
[2012-10-04 13:14:29] app.ERROR: Variable "linkAttributes" does not exist in "layout.html.twig" at line 80 [] []
[2012-10-04 13:14:47] app.ERROR: Variable "linkAttributes" does not exist in "layout.html.twig" at line 78 [] []
[2012-10-04 13:14:54] app.ERROR: Variable "linkAttributes" does not exist in "layout.html.twig" at line 80 [] []
[2012-10-04 13:15:11] app.ERROR: Unexpected token "punctuation" of value "." ("end of statement block" expected) in "knp_menu.html.twig" at line 76 [] []
[2012-10-04 13:15:21] app.ERROR: Variable "linkAttributes" does not exist in "layout.html.twig" at line 78 [] []
[2012-10-04 13:16:14] app.ERROR: Variable "linkClass" does not exist in "layout.html.twig" at line 76 [] []
[2012-10-04 13:20:51] app.ERROR: Variable "linkClass" does not exist in "layout.html.twig" at line 76 [] []
[2012-10-04 13:38:28] app.ERROR: Variable "plage" does not exist in "layout.html.twig" at line 109 [] []
[2012-10-04 13:38:36] app.ERROR: Variable "slug" does not exist in "layout.html.twig" at line 4 [] []
[2012-10-04 13:40:50] app.ERROR: Variable "label" does not exist in "layout.html.twig" at line 121 [] []
[2012-10-04 13:46:23] app.ERROR: Variable "label" does not exist in "layout.html.twig" at line 121 [] []
[2012-10-04 13:52:24] app.ERROR: Variable "label" does not exist in "layout.html.twig" at line 121 [] []
[2012-10-04 13:57:43] app.ERROR: Variable "page2" does not exist in "layout.html.twig" at line 7 [] []
[2012-10-04 14:00:25] app.ERROR: An exception has been thrown during the rendering of a template ("The menu "payment" is not defined.") in "layout.html.twig" at line 109. [] []
[2012-10-04 14:17:47] app.ERROR: An exception has been thrown during the rendering of a template ("The menu "payment" is not defined.") in "layout.html.twig" at line 109. [] []
[2012-10-04 14:25:33] app.ERROR: An exception has been thrown during the rendering of a template ("The menu "payment" is not defined.") in "layout.html.twig" at line 109. [] []
[2012-10-04 14:25:34] app.ERROR: An exception has been thrown during the rendering of a template ("The menu "payment" is not defined.") in "layout.html.twig" at line 109. [] []
[2012-10-04 14:31:25] app.ERROR: Unexpected character "'" in "layout.html.twig" at line 122 [] []
[2012-10-04 14:33:29] app.ERROR: Unexpected token "operator" of value "=" ("end of statement block" expected) in "breadcrumbs.html.twig" at line 3 [] []
[2012-10-04 14:33:56] app.ERROR: An exception has been thrown during the rendering of a template ("The menu has no child named "china"") in "layout.html.twig" at line 109. [] []
[2012-10-04 14:34:56] app.ERROR: An exception has been thrown during the rendering of a template ("The menu has no child named "china"") in "layout.html.twig" at line 109. [] []
[2012-10-04 14:34:58] app.ERROR: An exception has been thrown during the rendering of a template ("The menu has no child named "china"") in "layout.html.twig" at line 109. [] []
[2012-10-04 14:35:12] app.ERROR: An exception has been thrown during the rendering of a template ("The menu has no child named "geography"") in "layout.html.twig" at line 109. [] []
[2012-10-04 14:35:45] app.ERROR: An exception has been thrown during the rendering of a template ("The menu has no child named "china"") in "layout.html.twig" at line 109. [] []
[2012-10-04 14:35:46] app.ERROR: An exception has been thrown during the rendering of a template ("The menu has no child named "china"") in "layout.html.twig" at line 109. [] []
[2012-10-04 14:36:19] app.ERROR: An exception has been thrown during the rendering of a template ("The menu has no child named "commercial-parcels"") in "layout.html.twig" at line 109. [] []
[2012-10-04 14:36:56] app.ERROR: An exception has been thrown during the rendering of a template ("The menu has no child named "links"") in "layout.html.twig" at line 109. [] []
[2012-10-04 14:37:13] app.ERROR: An exception has been thrown during the rendering of a template ("The menu has no child named "contacts"") in "layout.html.twig" at line 109. [] []
[2012-10-04 14:38:15] app.ERROR: An exception has been thrown during the rendering of a template ("The menu has no child named "china"") in "layout.html.twig" at line 109. [] []
[2012-10-04 14:43:14] app.ERROR: An exception has been thrown during the rendering of a template ("The menu has no child named """) in "layout.html.twig" at line 109. [] []
[2012-10-04 15:35:30] app.ERROR: Variable "page" does not exist in "layout.html.twig" at line 7 [] []
[2012-10-04 15:36:59] app.ERROR: Unexpected character "!" in "layout.html.twig" at line 109 [] []
[2012-10-04 15:40:00] app.ERROR: An exception has been thrown during the rendering of a template ("The menu has no child named "china"") in "layout.html.twig" at line 113. [] []
[2012-10-04 15:40:54] app.ERROR: An exception has been thrown during the rendering of a template ("The menu has no child named """) in "layout.html.twig" at line 110. [] []
[2012-10-05 06:44:41] app.ERROR: An exception has been thrown during the rendering of a template ("Unable to parse in "E:\\Sites\\silex\\src\/..\/content\/locales\/en.yml" at line 103 (near "'Количество и габариты коробок':'Number and dimensions of boxes'").") in "layout.html.twig" at line 65. [] []
[2012-10-05 06:50:24] app.ERROR: ru [] []
[2012-10-05 06:50:42] app.ERROR: ru [] []
[2012-10-05 07:00:29] app.ERROR: Class Request does not exist [] []
[2012-10-05 07:00:30] app.ERROR: Class Request does not exist [] []
[2012-10-05 07:02:08] app.ERROR: Class Request does not exist [] []
[2012-10-05 07:02:25] app.ERROR: Class Request does not exist [] []
[2012-10-05 07:06:20] app.ERROR: Class Request does not exist [] []
[2012-10-05 07:06:40] app.ERROR: Class Request does not exist [] []
[2012-10-05 07:07:28] app.ERROR: Class Request does not exist [] []
[2012-10-05 07:08:14] app.ERROR: Class Request does not exist [] []
[2012-10-05 07:08:26] app.ERROR: Class Request does not exist [] []
[2012-10-05 07:08:58] app.ERROR: Class Request does not exist [] []
[2012-10-05 07:08:59] app.ERROR: Class Request does not exist [] []
[2012-10-05 07:09:13] app.ERROR: ru [] []
[2012-10-05 07:09:41] app.ERROR: ru [] []
[2012-10-05 07:10:13] app.ERROR: Контент не доступен для страницы  [] []
[2012-10-05 07:10:36] app.ERROR: Контент не доступен для страницы  [] []
[2012-10-05 07:13:36] app.ERROR: Template "request.html.twig" is not defined (Twig_Loader_Filesystem: Unable to find template "request.html.twig" (looked into: E:\Sites\silex\web/../views, E:\Sites\silex\src/../content, E:\Sites\silex\vendor\knplabs\knp-menu\src\Knp\Menu\Silex/../Resources/views). Twig_Loader_Array: Template "request.html.twig" is not defined. Twig_Loader_Filesystem: Unable to find template "request.html.twig" (looked into: E:\Sites\silex\vendor\symfony\twig-bridge\Symfony\Bridge\Twig\Extension/../Resources/views/Form).). [] []
[2012-10-05 07:13:56] app.ERROR: Template "layout.html" is not defined (Twig_Loader_Filesystem: Unable to find template "layout.html" (looked into: E:\Sites\silex\web/../views, E:\Sites\silex\src/../content, E:\Sites\silex\vendor\knplabs\knp-menu\src\Knp\Menu\Silex/../Resources/views) in "request.html.twig". Twig_Loader_Array: Template "layout.html" is not defined in "request.html.twig". Twig_Loader_Filesystem: Unable to find template "layout.html" (looked into: E:\Sites\silex\vendor\symfony\twig-bridge\Symfony\Bridge\Twig\Extension/../Resources/views/Form) in "request.html.twig".) in "request.html.twig". [] []
[2012-10-05 07:15:49] app.ERROR: Template "index.twig" is not defined (Twig_Loader_Filesystem: Unable to find template "index.twig" (looked into: E:\Sites\silex\web/../views, E:\Sites\silex\src/../content, E:\Sites\silex\vendor\knplabs\knp-menu\src\Knp\Menu\Silex/../Resources/views). Twig_Loader_Array: Template "index.twig" is not defined. Twig_Loader_Filesystem: Unable to find template "index.twig" (looked into: E:\Sites\silex\vendor\symfony\twig-bridge\Symfony\Bridge\Twig\Extension/../Resources/views/Form).). [] []
[2012-10-05 07:55:03] app.ERROR: Unexpected character "!" in "request.html.twig" at line 5 [] []
[2012-10-05 07:55:07] app.ERROR: Variable "error" does not exist in "request.html.twig" at line 6 [] []
[2012-10-05 08:06:54] app.ERROR: Variable "error" does not exist in "request.html.twig" at line 6 [] []
[2012-10-05 08:38:10] app.ERROR: Variable "name" does not exist in "request.html.twig" at line 8 [] []
[2012-10-05 08:49:42] app.ERROR: The function "form_field" does not exist in "form_main.html.twig" at line 14 [] []
[2012-10-05 08:51:17] app.ERROR: Variable "form" does not exist in "request.html.twig" at line 30 [] []
[2012-10-05 08:52:45] app.ERROR: Arguments must be separated by a comma. Unexpected token "operator" of value "=" ("punctuation" expected with value ",") in "form_main.html.twig" at line 3 [] []
[2012-10-05 08:53:24] app.ERROR: Variable "label" does not exist in "request.html.twig" at line 30 [] []
[2012-10-05 08:54:21] app.ERROR: The function "form_field" does not exist in "form_main.html.twig" at line 14 [] []
[2012-10-05 09:39:15] app.ERROR: Unexpected character "!" in "form_main.html.twig" at line 24 [] []
[2012-10-05 09:40:23] app.ERROR: Unexpected character "!" in "form_main.html.twig" at line 25 [] []
[2012-10-05 09:51:25] app.ERROR: Unclosed """ in "form_main.html.twig" at line 54 [] []
[2012-10-05 09:51:36] app.ERROR: Unexpected character ";" in "form_main.html.twig" at line 17 [] []
[2012-10-05 09:53:48] app.ERROR: Variable "value" does not exist in "request.html.twig" at line 30 [] []
[2012-10-05 09:54:12] app.ERROR: Variable "value" does not exist in "request.html.twig" at line 30 [] []
[2012-10-05 09:55:19] app.ERROR: Variable "value" does not exist in "request.html.twig" at line 30 [] []
[2012-10-05 09:55:39] app.ERROR: Variable "value" does not exist in "request.html.twig" at line 30 [] []
[2012-10-05 09:59:27] app.ERROR: The function "textarea_widget" does not exist in "form_main.html.twig" at line 44 [] []
[2012-10-05 10:00:35] app.ERROR: The function "textarea_widget" does not exist in "form_main.html.twig" at line 44 [] []
[2012-10-05 11:03:30] app.ERROR: Unexpected token "end of statement block" of value "" in "form_main.html.twig" at line 36 [] []
[2012-10-05 15:02:13] app.ERROR: Variable "form" does not exist in "layout.html.twig" at line 5 [] []
[2012-10-05 16:13:45] app.ERROR: Variable "form" does not exist in "layout.html.twig" at line 5 [] []
[2012-10-05 16:18:39] app.ERROR: Unexpected character "!" in "sidebar.html.twig" at line 12 [] []
[2012-10-05 16:42:34] app.ERROR: Arguments must be separated by a comma. Unexpected token "name" of value "form" ("punctuation" expected with value ",") in "form_side.html.twig" at line 10 [] []
[2012-10-05 17:03:08] app.ERROR: Variable "full_name" does not exist in "request.html.twig" at line 30 [] []
[2012-10-05 17:09:01] app.ERROR: Variable "value" does not exist in "request.html.twig" at line 30 [] []
[2012-10-05 17:10:34] app.ERROR: Variable "value" does not exist in "request.html.twig" at line 30 [] []
[2012-10-05 17:34:51] app.ERROR: Unexpected tag name "endspaceless" (expecting closing tag for the "if" tag defined near line 21) in "forms.html.twig" at line 22 [] []
[2012-10-26 15:10:54] app.ERROR: Variable "from" does not exist in "layout.html.twig" at line 128 [] []
[2012-10-26 15:10:54] app.ERROR: ru [] []
[2012-10-26 16:23:14] app.ERROR: Item "description" for "Array" does not exist in "layout.html.twig" at line 71 [] []
[2012-10-26 16:51:08] app.ERROR: Variable "user" does not exist in "layout.html.twig" at line 17 [] []
[2012-10-26 17:56:59] app.ERROR: Method "form_widget" for object "__TwigTemplate_d59557f28255876fe6919571adff4c83" does not exist in "layout.html.twig" at line 27 [] []
[2012-10-26 18:18:26] app.ERROR: Item "description" for "" does not exist in "layout.html.twig" at line 71 [] []
[2012-10-26 18:18:41] app.ERROR: Item "description" for "" does not exist in "layout.html.twig" at line 71 [] []
[2012-10-26 18:19:44] app.ERROR: Item "description" for "" does not exist in "layout.html.twig" at line 71 [] []
[2012-10-26 18:20:46] app.ERROR: Item "description" for "" does not exist in "layout.html.twig" at line 71 [] []
[2012-10-26 18:37:44] app.ERROR: Item "description" for "" does not exist in "layout.html.twig" at line 71 [] []
[2012-10-26 18:58:09] app.ERROR: Item "weight" for "" does not exist in "layout.html.twig" at line 87 [] []
[2012-10-26 18:58:42] app.ERROR: Item "weight" for "" does not exist in "layout.html.twig" at line 86 [] []
[2012-10-26 18:58:50] app.ERROR: Item "weight" for "" does not exist in "layout.html.twig" at line 83 [] []
[2012-10-26 20:36:00] app.ERROR: Variable "errors" does not exist in "request.html.twig" at line 31 [] []
[2012-10-28 10:36:39] app.ERROR: Unknown tag name "dump" in "layout.html.twig" at line 8 [] []
[2012-11-12 11:09:43] app.ERROR: Variable "validator" does not exist in "layout.html.twig" at line 7 [] []
[2013-03-24 18:04:59] app.ERROR: ru [] []
[2013-03-24 18:05:00] app.ERROR: ru [] []
[2013-03-24 18:05:01] app.ERROR: ru [] []
[2013-03-25 09:20:39] app.ERROR: ru [] []
[2013-03-25 09:20:39] app.ERROR: ru [] []
[2013-03-25 09:20:40] app.ERROR: ru [] []
[2013-03-25 09:20:41] app.ERROR: ru [] []
[2013-03-25 09:20:42] app.ERROR: ru [] []
[2013-03-25 09:20:45] app.ERROR: ru [] []
[2013-03-25 09:20:46] app.ERROR: ru [] []
[2013-03-25 09:20:49] app.ERROR: ru [] []
[2013-03-25 09:21:01] app.ERROR: ru [] []
[2013-03-25 09:21:03] app.ERROR: ru [] []
[2013-03-25 09:21:04] app.ERROR: ru [] []
[2013-03-25 09:21:04] app.ERROR: ru [] []
[2013-03-25 09:21:05] app.ERROR: ru [] []
[2013-03-25 09:36:26] app.ERROR: No route found for "GET /images/en/banner-top.png" [] []
[2013-03-25 09:36:27] app.ERROR: No route found for "GET /images/en/banner-top.png" [] []
[2013-03-25 09:36:52] app.ERROR: No route found for "GET /images/en/banner-top.png" [] []
[2013-03-25 09:36:57] app.ERROR: No route found for "GET /images/en/de.png" [] []
[2013-03-25 13:12:04] app.ERROR: ru [] []
[2013-03-25 14:14:11] app.ERROR: ru [] []
[2013-03-25 14:16:30] app.ERROR: ru [] []
[2013-03-25 15:32:16] app.ERROR: No route found for "GET /images/en/banner-top2.png" [] []
[2013-03-25 15:32:17] app.ERROR: No route found for "GET /images/en/banner-top2.png" [] []
