23-04-2012, 22:07:54 –ø–∏—Å—å–º–æ –æ—Ç–ø—Ä–∞–≤–ª–µ–Ω–æ –Ω–∞ avpigin@yandex.ru 
–° IP-–∞–¥—Ä–µ—Å–∞ 89.178.141.114 —Å–æ —Å—Ç—Ä–∞–Ω–∏—Ü—ã http://parcels.riabit.ru/geography 
–¢–µ–∫—Å—Ç –ø–∏—Å—å–º–∞: 
–û—Ç: –í—è—á–µ—Å–ª–∞–≤ <leemour@gmail.com> 
+12345 
 
–û–ø–∏—Å–∞–Ω–∏–µ –≥—Ä—É–∑–∞:   —Å–ø–∏—á–∫–∏ 
–°—Ç–æ–∏–º–æ—Å—Ç—å –≥—Ä—É–∑–∞ –≤ –≤–∞–ª—é—Ç–µ:   1000–µ–≤—Ä–æ 
–ö–æ–ª–∏—á–µ—Å—Ç–≤–æ –∏ –≥–∞–±–∞—Ä–∏—Ç—ã –∫–æ—Ä–æ–±–æ–∫:   200*55 
–û–±—â–∏–π –≤–µ—Å (–∫–≥):   300–∫–≥. 
–û–±—â–∏–π –æ–±—ä–µ–º (–º≥):   58 –ø—Ä–∏–º–µ—Ä–Ω–æ 
–°—Ç—Ä–∞–Ω–∞ –∏ –≥–æ—Ä–æ–¥ –æ—Ç–ø—Ä–∞–≤–ª–µ–Ω–∏—è:   –î–µ—Ç—Ä–æ–π—Ç, –°–®–ê 
–°—Ç—Ä–∞–Ω–∞ –∏ –≥–æ—Ä–æ–¥ –Ω–∞–∑–Ω–∞—á–µ–Ω–∏—è:   –¢–±–∏–ª–∏—Å–∏, –ì—Ä—É–∑–∏—è 
–¢—Ä–µ–±—É—é—â–∏–µ—Å—è —É—Å–ª—É–≥–∏:   —Ä–∞—Å—Ç–∞–º–æ–∂–∫–∞ 
 
--–û—Ç–ø—Ä–∞–≤–ª–µ–Ω–æ —á–µ—Ä–µ–∑ —Ñ–æ—Ä–º—É –∑–∞–ø—Ä–æ—Å–∞ parcels.su 
 
 
02-05-2012, 23:46:47 –ø–∏—Å—å–º–æ –æ—Ç–ø—Ä–∞–≤–ª–µ–Ω–æ –Ω–∞ avpigin@yandex.ru 
–° IP-–∞–¥—Ä–µ—Å–∞ 128.69.33.229 —Å–æ —Å—Ç—Ä–∞–Ω–∏—Ü—ã http://www.parcels.su/delivery 
–¢–µ–∫—Å—Ç –ø–∏—Å—å–º–∞: 
–û—Ç: –í—è—á–µ—Å–ª–∞–≤ <leemour@gmail.com> 
+12343234554 
 
–û–ø–∏—Å–∞–Ω–∏–µ –≥—Ä—É–∑–∞:   —Å–ø–∏—á–∫–∏ 
–°—Ç–æ–∏–º–æ—Å—Ç—å –≥—Ä—É–∑–∞ –≤ –≤–∞–ª—é—Ç–µ:   1000$ 
–ö–æ–ª–∏—á–µ—Å—Ç–≤–æ –∏ –≥–∞–±–∞—Ä–∏—Ç—ã –∫–æ—Ä–æ–±–æ–∫:   50 –∫–æ—Ä–æ–±–æ–∫ 20x20x200 
–û–±—â–∏–π –≤–µ—Å (–∫–≥):   40 
–û–±—â–∏–π –æ–±—ä–µ–º (–º≥):   333 
–°—Ç—Ä–∞–Ω–∞ –∏ –≥–æ—Ä–æ–¥ –æ—Ç–ø—Ä–∞–≤–ª–µ–Ω–∏—è:   –ù—å—é-–ô–æ—Ä–∫, –°–®–ê 
–°—Ç—Ä–∞–Ω–∞ –∏ –≥–æ—Ä–æ–¥ –Ω–∞–∑–Ω–∞—á–µ–Ω–∏—è:   –ú–æ—Å–∫–≤–∞, –†–æ—Å—Å–∏—è 
–¢—Ä–µ–±—É—é—â–∏–µ—Å—è —É—Å–ª—É–≥–∏:   —Ä–∞—Å—Ç–∞–º–æ–∂–∫–∞, —Ä–∞—Å—Ç–∞–º–æ–∂–∫–∞, —Ä–∞—Å—Ç–∞–º–æ–∂–∫–∞, —Ä–∞—Å—Ç–∞–º–æ–∂–∫–∞, —Ä–∞—Å—Ç–∞–º–æ–∂–∫–∞, —Ä–∞—Å—Ç–∞–º–æ–∂–∫–∞,  
 
--–û—Ç–ø—Ä–∞–≤–ª–µ–Ω–æ —á–µ—Ä–µ–∑ —Ñ–æ—Ä–º—É –∑–∞–ø—Ä–æ—Å–∞ parcels.su 
 
 
03-05-2012, 12:36:21 –ø–∏—Å—å–º–æ –æ—Ç–ø—Ä–∞–≤–ª–µ–Ω–æ –Ω–∞ info@parcels.su 
–° IP-–∞–¥—Ä–µ—Å–∞ 128.69.33.229 —Å–æ —Å—Ç—Ä–∞–Ω–∏—Ü—ã http://www.parcels.su/ 
–¢–µ–∫—Å—Ç –ø–∏—Å—å–º–∞: 
–û—Ç: Viacheslav <leemour@gmail.com> 
+21398134 
 
–û–ø–∏—Å–∞–Ω–∏–µ –≥—Ä—É–∑–∞:   –ë—Ä–∏—Ç–≤—ã —ç–ª–µ–∫—Ä–∏—á–µ—Å–∫–∏–µ 
–°—Ç–æ–∏–º–æ—Å—Ç—å –≥—Ä—É–∑–∞ –≤ –≤–∞–ª—é—Ç–µ:   500000 –º–∏–ª–ª–∏–æ–Ω —é–∞–Ω–µ–π 
–ö–æ–ª–∏—á–µ—Å—Ç–≤–æ –∏ –≥–∞–±–∞—Ä–∏—Ç—ã –∫–æ—Ä–æ–±–æ–∫:   999 –∫–æ—Ä–æ–±–æ–∫ 
–û–±—â–∏–π –≤–µ—Å (–∫–≥):   123 
–û–±—â–∏–π –æ–±—ä–µ–º (–º≥):   234 
–°—Ç—Ä–∞–Ω–∞ –∏ –≥–æ—Ä–æ–¥ –æ—Ç–ø—Ä–∞–≤–ª–µ–Ω–∏—è:   London, UK 
–°—Ç—Ä–∞–Ω–∞ –∏ –≥–æ—Ä–æ–¥ –Ω–∞–∑–Ω–∞—á–µ–Ω–∏—è:   Saint-Petersburg, Russia 
–¢—Ä–µ–±—É—é—â–∏–µ—Å—è —É—Å–ª—É–≥–∏:   customs services 
 
--–û—Ç–ø—Ä–∞–≤–ª–µ–Ω–æ —á–µ—Ä–µ–∑ —Ñ–æ—Ä–º—É –∑–∞–ø—Ä–æ—Å–∞ parcels.su 
 
 
11-05-2012, 10:19:45 –ø–∏—Å—å–º–æ –æ—Ç–ø—Ä–∞–≤–ª–µ–Ω–æ –Ω–∞ info@parcels.su 
–° IP-–∞–¥—Ä–µ—Å–∞ 94.125.95.106 —Å–æ —Å—Ç—Ä–∞–Ω–∏—Ü—ã http://www.parcels.su/contacts 
–¢–µ–∫—Å—Ç –ø–∏—Å—å–º–∞: 
–û—Ç: –ê–Ω–∞—Å—Ç–∞—Å–∏—è <info@photoacadem.ru> 
8 (347) 293-00-12 
 
–û–ø–∏—Å–∞–Ω–∏–µ –≥—Ä—É–∑–∞:   –º–æ–Ω–æ–ø–æ–¥ (—à—Ç–∞—Ç–∏–≤) 
–ö–æ–ª–∏—á–µ—Å—Ç–≤–æ –∏ –≥–∞–±–∞—Ä–∏—Ç—ã –∫–æ—Ä–æ–±–æ–∫:   1 –º–æ–Ω–æ–ø–æ–¥ –¥–ª–∏–Ω–Ω–æ–π 60 —Å–º. 
–û–±—â–∏–π –≤–µ—Å (–∫–≥):   –æ–∫–æ–ª–æ 700 –≥—Ä–∞–º–º 
–°—Ç—Ä–∞–Ω–∞ –∏ –≥–æ—Ä–æ–¥ –æ—Ç–ø—Ä–∞–≤–ª–µ–Ω–∏—è:   –ò—Å–ø–∞–Ω–∏—è, –ì—Ä–∞–Ω–∞–¥–∞ 
–°—Ç—Ä–∞–Ω–∞ –∏ –≥–æ—Ä–æ–¥ –Ω–∞–∑–Ω–∞—á–µ–Ω–∏—è:   –ò—Å–ø–∞–Ω–∏—è, –ú–∞–¥—Ä–∏–¥ –ª–∏–±–æ –†–æ—Å—Å–∏—è, –£–§–∞ 
–¢—Ä–µ–±—É—é—â–∏–µ—Å—è —É—Å–ª—É–≥–∏:   –∑–∞–±—Ä–∞—Ç—å –∏–∑ –æ—Ç–µ–ª—è –∏ –ø–µ—Ä–µ—Å–ª–∞—Ç—å –≤ –æ—Ç–µ–ª—å –≤ –ú–∞–¥—Ä–∏–¥–µ, –ª—é–±–æ —É–∂–µ –≤ –£—Ñ—É 
 
--–û—Ç–ø—Ä–∞–≤–ª–µ–Ω–æ —á–µ—Ä–µ–∑ —Ñ–æ—Ä–º—É –∑–∞–ø—Ä–æ—Å–∞ parcels.su 
 
 
12-05-2012, 13:32:52 –ø–∏—Å—å–º–æ –æ—Ç–ø—Ä–∞–≤–ª–µ–Ω–æ –Ω–∞ info@parcels.su 
–° IP-–∞–¥—Ä–µ—Å–∞ 83.42.52.85 —Å–æ —Å—Ç—Ä–∞–Ω–∏—Ü—ã http://www.parcels.su/contacts 
–¢–µ–∫—Å—Ç –ø–∏—Å—å–º–∞: 
–û—Ç: –†–æ–º–∞–Ω <petrom@bk.ru> 
+34 644281955 
 
–û–ø–∏—Å–∞–Ω–∏–µ –≥—Ä—É–∑–∞:   –û–±—É–≤—å. –ö–æ–∂–≥–∞–ª–∞–Ω—Ç–∏—Ä–µ—è. 
–°—Ç–æ–∏–º–æ—Å—Ç—å –≥—Ä—É–∑–∞ –≤ –≤–∞–ª—é—Ç–µ:   25000 –ï–≤—Ä–æ 
–ö–æ–ª–∏—á–µ—Å—Ç–≤–æ –∏ –≥–∞–±–∞—Ä–∏—Ç—ã –∫–æ—Ä–æ–±–æ–∫:   2500- –∫–æ—Ä–æ–±–æ–∫ 
–û–±—â–∏–π –≤–µ—Å (–∫–≥):   2500  
–û–±—â–∏–π –æ–±—ä–µ–º (–º≥):   20 
–°—Ç—Ä–∞–Ω–∞ –∏ –≥–æ—Ä–æ–¥ –æ—Ç–ø—Ä–∞–≤–ª–µ–Ω–∏—è:   –ò—Å–ø–∞–Ω–∏—è . –ï–ª—å—á–µ (–ê–ª–∏–∫–∞–Ω—Ç–µ) 
–°—Ç—Ä–∞–Ω–∞ –∏ –≥–æ—Ä–æ–¥ –Ω–∞–∑–Ω–∞—á–µ–Ω–∏—è:   –†–æ—Å—Å–∏—è –ö–∞–ª–∏–Ω–∏–Ω–≥—Ä–∞–¥ 
–¢—Ä–µ–±—É—é—â–∏–µ—Å—è —É—Å–ª—É–≥–∏:   –î–æ—Å—Ç–∞–≤–∫–∞ –∏ —Ä–∞—Å—Å—Ç–∞–º–æ–∂–∫–∞. 
 
--–û—Ç–ø—Ä–∞–≤–ª–µ–Ω–æ —á–µ—Ä–µ–∑ —Ñ–æ—Ä–º—É –∑–∞–ø—Ä–æ—Å–∞ parcels.su 
 
 
12-05-2012, 15:09:19 –ø–∏—Å—å–º–æ –æ—Ç–ø—Ä–∞–≤–ª–µ–Ω–æ –Ω–∞ info@parcels.su 
–° IP-–∞–¥—Ä–µ—Å–∞ 93.189.50.64 —Å–æ —Å—Ç—Ä–∞–Ω–∏—Ü—ã http://www.parcels.su/request 
–¢–µ–∫—Å—Ç –ø–∏—Å—å–º–∞: 
–û—Ç: –ü–µ—Ä–µ—è—Ç–µ–Ω–µ—Ü –ì–∞–ª–∏–Ω–∞ <g_tomilova@mail.ru> 
+79086327505 
 
–û–ø–∏—Å–∞–Ω–∏–µ –≥—Ä—É–∑–∞:   –¶–≤–µ—Ç—ã –ª–∞—Ç–µ–∫—Å–Ω—ã–µ (–æ–±—Ä–∞–∑—Ü—ã) 
–°—Ç–æ–∏–º–æ—Å—Ç—å –≥—Ä—É–∑–∞ –≤ –≤–∞–ª—é—Ç–µ:   4100 –≥—Ä–Ω 
–ö–æ–ª–∏—á–µ—Å—Ç–≤–æ –∏ –≥–∞–±–∞—Ä–∏—Ç—ã –∫–æ—Ä–æ–±–æ–∫:   60*100*100 —Å–º 
–û–±—â–∏–π –≤–µ—Å (–∫–≥):   15 
–°—Ç—Ä–∞–Ω–∞ –∏ –≥–æ—Ä–æ–¥ –æ—Ç–ø—Ä–∞–≤–ª–µ–Ω–∏—è:   –£–∫—Ä–∞–∏–Ω–∞, –î–æ–Ω–µ—Ü–∫ 
–°—Ç—Ä–∞–Ω–∞ –∏ –≥–æ—Ä–æ–¥ –Ω–∞–∑–Ω–∞—á–µ–Ω–∏—è:   –†–æ—Å—Å–∏—è, –ï–∫–∞—Ç–µ—Ä–∏–Ω–±—É—Ä–≥ 
–¢—Ä–µ–±—É—é—â–∏–µ—Å—è —É—Å–ª—É–≥–∏:   –î–æ—Å—Ç–∞–≤–∫–∞ –æ—Ç –ø—Ä–æ–¥–∞–≤—Ü–∞ –∫ –ø–æ–∫—É–ø–∞—Ç–µ–ª—é (–æ—Ç –¥–≤–µ—Ä–∏ –¥–æ –¥–≤–µ—Ä–∏) 
 
--–û—Ç–ø—Ä–∞–≤–ª–µ–Ω–æ —á–µ—Ä–µ–∑ —Ñ–æ—Ä–º—É –∑–∞–ø—Ä–æ—Å–∞ parcels.su 
 
 
13-05-2012, 14:51:34 –ø–∏—Å—å–º–æ –æ—Ç–ø—Ä–∞–≤–ª–µ–Ω–æ –Ω–∞ info@parcels.su 
–° IP-–∞–¥—Ä–µ—Å–∞ 195.91.237.193 —Å–æ —Å—Ç—Ä–∞–Ω–∏—Ü—ã http://www.parcels.su/request 
–¢–µ–∫—Å—Ç –ø–∏—Å—å–º–∞: 
–û—Ç: –ï–≤–≥–µ–Ω–∏–π <knyaz@rocketmail.com> 
+79857611674 
 
–û–ø–∏—Å–∞–Ω–∏–µ –≥—Ä—É–∑–∞:   –õ–∏—á–Ω—ã–µ –≤–µ—â–∏: –æ–¥–µ–∂–¥–∞, –æ–±—É–≤—å, –∫–Ω–∏–≥–∏, –ø–æ—Å—É–¥–∞ –∏—Ç–¥. 
–°—Ç–æ–∏–º–æ—Å—Ç—å –≥—Ä—É–∑–∞ –≤ –≤–∞–ª—é—Ç–µ:   500 –¥–æ–ª–ª–∞—Ä–æ–≤ –°–®–ê 
–ö–æ–ª–∏—á–µ—Å—Ç–≤–æ –∏ –≥–∞–±–∞—Ä–∏—Ç—ã –∫–æ—Ä–æ–±–æ–∫:   2 –∫–æ—Ä–æ–±–∫–∏ 
–û–±—â–∏–π –≤–µ—Å (–∫–≥):   –æ–∫–æ–ª–æ 20 –∫–≥ 
–û–±—â–∏–π –æ–±—ä–µ–º (–º≥):   2–º 
–°—Ç—Ä–∞–Ω–∞ –∏ –≥–æ—Ä–æ–¥ –æ—Ç–ø—Ä–∞–≤–ª–µ–Ω–∏—è:   –†–æ—Å—Å–∏—è, –ú–æ—Å–∫–≤–∞ 
–°—Ç—Ä–∞–Ω–∞ –∏ –≥–æ—Ä–æ–¥ –Ω–∞–∑–Ω–∞—á–µ–Ω–∏—è:   USA, Kissimmee 
–¢—Ä–µ–±—É—é—â–∏–µ—Å—è —É—Å–ª—É–≥–∏:   –¥–æ—Å—Ç–∞–≤–∫–∞ –ø–æ —É–∫–∞–∑–∞–Ω–Ω–æ–º—É –∞–¥—Ä–µ—Å—É –≤ –°–®–ê 
 
--–û—Ç–ø—Ä–∞–≤–ª–µ–Ω–æ —á–µ—Ä–µ–∑ —Ñ–æ—Ä–º—É –∑–∞–ø—Ä–æ—Å–∞ parcels.su 
 
 
13-05-2012, 23:41:22 –ø–∏—Å—å–º–æ –æ—Ç–ø—Ä–∞–≤–ª–µ–Ω–æ –Ω–∞ info@parcels.su 
–° IP-–∞–¥—Ä–µ—Å–∞ 188.123.252.32 —Å–æ —Å—Ç—Ä–∞–Ω–∏—Ü—ã http://www.parcels.su/export 
–¢–µ–∫—Å—Ç –ø–∏—Å—å–º–∞: 
–û—Ç: –ì–∞–ª–∏–Ω–∞ <gala@0-9.ru> 
+7(916)5012906 
 
–û–ø–∏—Å–∞–Ω–∏–µ –≥—Ä—É–∑–∞:   –ø–æ–∑–¥—Ä–∞–≤–∏—Ç–µ–ª—å–Ω—ã–µ –æ—Ç–∫—Ä—ã—Ç–∫–∏ 
–°—Ç–æ–∏–º–æ—Å—Ç—å –≥—Ä—É–∑–∞ –≤ –≤–∞–ª—é—Ç–µ:   1000 $ USA 
–ö–æ–ª–∏—á–µ—Å—Ç–≤–æ –∏ –≥–∞–±–∞—Ä–∏—Ç—ã –∫–æ—Ä–æ–±–æ–∫:   1 –∫–æ—Ä–æ–±–∫–∞ 
–û–±—â–∏–π –≤–µ—Å (–∫–≥):   30 
–û–±—â–∏–π –æ–±—ä–µ–º (–º≥):   0,15 
–°—Ç—Ä–∞–Ω–∞ –∏ –≥–æ—Ä–æ–¥ –æ—Ç–ø—Ä–∞–≤–ª–µ–Ω–∏—è:   –†–æ—Å—Å–∏—è,–ú–æ—Å–∫–≤–∞ 
–°—Ç—Ä–∞–Ω–∞ –∏ –≥–æ—Ä–æ–¥ –Ω–∞–∑–Ω–∞—á–µ–Ω–∏—è:   Cleveland,OH,USA 
–¢—Ä–µ–±—É—é—â–∏–µ—Å—è —É—Å–ª—É–≥–∏:   –¢–∞–º–æ–∂–µ–Ω–Ω–æ–µ –æ—Ñ–æ—Ä–º–ª–µ–Ω–∏–µ –≤ –†–§ –∏ –¥–æ—Å—Ç–∞–≤–∫–∞ 
 
--–û—Ç–ø—Ä–∞–≤–ª–µ–Ω–æ —á–µ—Ä–µ–∑ —Ñ–æ—Ä–º—É –∑–∞–ø—Ä–æ—Å–∞ parcels.su 
 
 
14-05-2012, 10:01:55 –ø–∏—Å—å–º–æ –æ—Ç–ø—Ä–∞–≤–ª–µ–Ω–æ –Ω–∞ info@parcels.su 
–° IP-–∞–¥—Ä–µ—Å–∞ 46.150.153.165 —Å–æ —Å—Ç—Ä–∞–Ω–∏—Ü—ã http://www.parcels.su/payment 
–¢–µ–∫—Å—Ç –ø–∏—Å—å–º–∞: 
–û—Ç: –ò–ª—å—è—Å <ilyas707@mail.ru> 
+79041053065 
 
–û–ø–∏—Å–∞–Ω–∏–µ –≥—Ä—É–∑–∞:   –æ–¥–µ–∂–¥–∞ 
–ö–æ–ª–∏—á–µ—Å—Ç–≤–æ –∏ –≥–∞–±–∞—Ä–∏—Ç—ã –∫–æ—Ä–æ–±–æ–∫:   0,5*1 20 
–û–±—â–∏–π –≤–µ—Å (–∫–≥):   200 
–°—Ç—Ä–∞–Ω–∞ –∏ –≥–æ—Ä–æ–¥ –æ—Ç–ø—Ä–∞–≤–ª–µ–Ω–∏—è:   –¢—É—Ä—Ü–∏—è 
–°—Ç—Ä–∞–Ω–∞ –∏ –≥–æ—Ä–æ–¥ –Ω–∞–∑–Ω–∞—á–µ–Ω–∏—è:   –†–æ—Å—Å–∏—è, –º–æ—Å–∫–≤–∞ 
 
--–û—Ç–ø—Ä–∞–≤–ª–µ–Ω–æ —á–µ—Ä–µ–∑ —Ñ–æ—Ä–º—É –∑–∞–ø—Ä–æ—Å–∞ parcels.su 
 
 
14-05-2012, 12:31:43 –ø–∏—Å—å–º–æ –æ—Ç–ø—Ä–∞–≤–ª–µ–Ω–æ –Ω–∞ info@parcels.su 
–° IP-–∞–¥—Ä–µ—Å–∞ 176.14.22.98 —Å–æ —Å—Ç—Ä–∞–Ω–∏—Ü—ã http://www.parcels.su/contacts 
–¢–µ–∫—Å—Ç –ø–∏—Å—å–º–∞: 
–û—Ç: –ê–Ω–Ω–∞ <anna-anosova@yandex.ru> 
8926-551-32-61 
 
–û–ø–∏—Å–∞–Ω–∏–µ –≥—Ä—É–∑–∞:   –∂–µ–Ω—Å–∫–∏–µ —Å—É–º–∫–∏ 
–°—Ç–æ–∏–º–æ—Å—Ç—å –≥—Ä—É–∑–∞ –≤ –≤–∞–ª—é—Ç–µ:   2260 –µ–≤—Ä–æ 
–ö–æ–ª–∏—á–µ—Å—Ç–≤–æ –∏ –≥–∞–±–∞—Ä–∏—Ç—ã –∫–æ—Ä–æ–±–æ–∫:   2 –∫–æ—Ä–æ–±–∫–∏ –ø–æ 14, 5 –∫–≥ –∫–∞–∂–¥–∞—è 
–û–±—â–∏–π –≤–µ—Å (–∫–≥):   29 
–°—Ç—Ä–∞–Ω–∞ –∏ –≥–æ—Ä–æ–¥ –æ—Ç–ø—Ä–∞–≤–ª–µ–Ω–∏—è:   –ò—Ç–∞–ª–∏—è, –≥.Crespina 
–°—Ç—Ä–∞–Ω–∞ –∏ –≥–æ—Ä–æ–¥ –Ω–∞–∑–Ω–∞—á–µ–Ω–∏—è:   –†–æ—Å—Å–∏—è, –≥.–ú–æ—Å–∫–≤–∞ 
–¢—Ä–µ–±—É—é—â–∏–µ—Å—è —É—Å–ª—É–≥–∏:   –¥–æ—Å—Ç–∞–≤–∫–∞+—Ç–∞–º–æ–∂–µ–Ω–Ω–æ–µ –æ—Ñ–æ—Ä–º–ª–µ–Ω–∏–µ 
 
--–û—Ç–ø—Ä–∞–≤–ª–µ–Ω–æ —á–µ—Ä–µ–∑ —Ñ–æ—Ä–º—É –∑–∞–ø—Ä–æ—Å–∞ parcels.su 
 
 
14-05-2012, 16:55:58 –ø–∏—Å—å–º–æ –æ—Ç–ø—Ä–∞–≤–ª–µ–Ω–æ –Ω–∞ info@parcels.su 
–° IP-–∞–¥—Ä–µ—Å–∞ 83.149.35.22 —Å–æ —Å—Ç—Ä–∞–Ω–∏—Ü—ã http://www.parcels.su/ 
–¢–µ–∫—Å—Ç –ø–∏—Å—å–º–∞: 
–û—Ç: —Å–µ—Ä–≥–µ–π <serga.74@list.ru> 
+79090535077 
 
–û–ø–∏—Å–∞–Ω–∏–µ –≥—Ä—É–∑–∞:   –æ–¥–µ–∂–¥–∞ 
–°—Ç–æ–∏–º–æ—Å—Ç—å –≥—Ä—É–∑–∞ –≤ –≤–∞–ª—é—Ç–µ:   4500 $ 
–ö–æ–ª–∏—á–µ—Å—Ç–≤–æ –∏ –≥–∞–±–∞—Ä–∏—Ç—ã –∫–æ—Ä–æ–±–æ–∫:   3 
–û–±—â–∏–π –≤–µ—Å (–∫–≥):   150 
–°—Ç—Ä–∞–Ω–∞ –∏ –≥–æ—Ä–æ–¥ –æ—Ç–ø—Ä–∞–≤–ª–µ–Ω–∏—è:   —Ç—É—Ä—Ü–∏—è —Å—Ç–∞–º–±—É–ª 
–°—Ç—Ä–∞–Ω–∞ –∏ –≥–æ—Ä–æ–¥ –Ω–∞–∑–Ω–∞—á–µ–Ω–∏—è:   —Ä–æ—Å—Å–∏—è —Å–∞—Ä–∞–ø—É–ª 
 
--–û—Ç–ø—Ä–∞–≤–ª–µ–Ω–æ —á–µ—Ä–µ–∑ —Ñ–æ—Ä–º—É –∑–∞–ø—Ä–æ—Å–∞ parcels.su 
 
 
14-05-2012, 17:22:47 –ø–∏—Å—å–º–æ –æ—Ç–ø—Ä–∞–≤–ª–µ–Ω–æ –Ω–∞ info@parcels.su 
–° IP-–∞–¥—Ä–µ—Å–∞ 93.65.234.106 —Å–æ —Å—Ç—Ä–∞–Ω–∏—Ü—ã http://www.parcels.su/ 
–¢–µ–∫—Å—Ç –ø–∏—Å—å–º–∞: 
–û—Ç: –ï–ª–µ–Ω–∞ <avrelena@list.ru> 
 
 
–û–ø–∏—Å–∞–Ω–∏–µ –≥—Ä—É–∑–∞:   –æ–ª–∏–≤–∫–æ–≤–æ–µ –º–∞—Å–ª–æ 100 –ª–∏—Ç—Ä–æ–≤ 
–°—Ç–æ–∏–º–æ—Å—Ç—å –≥—Ä—É–∑–∞ –≤ –≤–∞–ª—é—Ç–µ:   1000 –µ–≤—Ä–æ 
–ö–æ–ª–∏—á–µ—Å—Ç–≤–æ –∏ –≥–∞–±–∞—Ä–∏—Ç—ã –∫–æ—Ä–æ–±–æ–∫:   20 –∞–ª—é–º–∏–Ω–∏–µ–≤—ã—Ö –∫–∞–Ω–∏—Å—Ç—Ä X 5 –ª–∏—Ç—Ä–æ–≤ 
–û–±—â–∏–π –≤–µ—Å (–∫–≥):   100  
–°—Ç—Ä–∞–Ω–∞ –∏ –≥–æ—Ä–æ–¥ –æ—Ç–ø—Ä–∞–≤–ª–µ–Ω–∏—è:   –ò—Ç–∞–ª–∏—è, –ê–≥—Ä–∏–¥–∂–µ–Ω—Ç–æ ( –°–∏—Ü–∏–ª–∏—è) 
–°—Ç—Ä–∞–Ω–∞ –∏ –≥–æ—Ä–æ–¥ –Ω–∞–∑–Ω–∞—á–µ–Ω–∏—è:   –†–æ—Å—Å–∏—è, –ú–æ—Å–∫–≤–∞ 
–¢—Ä–µ–±—É—é—â–∏–µ—Å—è —É—Å–ª—É–≥–∏:   –¥–æ—Å—Ç–∞–≤–∫–∞ —Å –°–∏—Ü–∏–ª–∏–∏ –≤ –ú–æ—Å–∫–≤—É, —Ä–∞—Å—Ç–∞–º–∞–∂–∏–≤–∞–Ω–∏–µ 
 
--–û—Ç–ø—Ä–∞–≤–ª–µ–Ω–æ —á–µ—Ä–µ–∑ —Ñ–æ—Ä–º—É –∑–∞–ø—Ä–æ—Å–∞ parcels.su 
 
 
14-05-2012, 17:57:06 –ø–∏—Å—å–º–æ –æ—Ç–ø—Ä–∞–≤–ª–µ–Ω–æ –Ω–∞ info@parcels.su 
–° IP-–∞–¥—Ä–µ—Å–∞ 46.242.51.127 —Å–æ —Å—Ç—Ä–∞–Ω–∏—Ü—ã http://www.parcels.su/ 
–¢–µ–∫—Å—Ç –ø–∏—Å—å–º–∞: 
–û—Ç: –°–µ—Ä–≥–µ–π –∏–ª–∏ –ê–ª–µ–∫—Å–∞–Ω–¥—Ä–∞ <info@banya-i-dacha.ru> 
8-499-135-08-57 
 
–û–ø–∏—Å–∞–Ω–∏–µ –≥—Ä—É–∑–∞:   –°–∫–ª–∞–¥–Ω—ã–µ —Å—Ç—É–ª—å—è. 
–°—Ç–æ–∏–º–æ—Å—Ç—å –≥—Ä—É–∑–∞ –≤ –≤–∞–ª—é—Ç–µ:   5811$ 
–ö–æ–ª–∏—á–µ—Å—Ç–≤–æ –∏ –≥–∞–±–∞—Ä–∏—Ç—ã –∫–æ—Ä–æ–±–æ–∫:   –Ω–µ–∏–∑–≤–µ—Å—Ç–Ω–æ (–Ω–∞–±–æ—Ä 4 —Å—Ç—É–ª–∞) 
–û–±—â–∏–π –≤–µ—Å (–∫–≥):   655 
–û–±—â–∏–π –æ–±—ä–µ–º (–º≥):   7,7 
–°—Ç—Ä–∞–Ω–∞ –∏ –≥–æ—Ä–æ–¥ –æ—Ç–ø—Ä–∞–≤–ª–µ–Ω–∏—è:   –°–®–ê, –ª—é–±–æ–π –∫—Ä—É–ø–Ω—ã–π –≥–æ—Ä–æ–¥ —Å –º–∞–≥–∞–∑–∏–Ω–æ–º "Walmart" 
–°—Ç—Ä–∞–Ω–∞ –∏ –≥–æ—Ä–æ–¥ –Ω–∞–∑–Ω–∞—á–µ–Ω–∏—è:   –†–æ—Å—Å–∏—è, –ú–æ—Å–∫–≤–∞ 
–¢—Ä–µ–±—É—é—â–∏–µ—Å—è —É—Å–ª—É–≥–∏:   –ö—É–ø–∏—Ç—å, —Ä–∞—Å—Ç–æ–º–æ–∂–∏—Ç—å, –¥–æ—Å—Ç–∞–≤–∏—Ç—å 
 
--–û—Ç–ø—Ä–∞–≤–ª–µ–Ω–æ —á–µ—Ä–µ–∑ —Ñ–æ—Ä–º—É –∑–∞–ø—Ä–æ—Å–∞ parcels.su 
 
 
15-05-2012, 07:51:22 –ø–∏—Å—å–º–æ –æ—Ç–ø—Ä–∞–≤–ª–µ–Ω–æ –Ω–∞ info@parcels.su 
–° IP-–∞–¥—Ä–µ—Å–∞ 83.149.34.179 —Å–æ —Å—Ç—Ä–∞–Ω–∏—Ü—ã http://www.parcels.su/ 
–¢–µ–∫—Å—Ç –ø–∏—Å—å–º–∞: 
–û—Ç: —Å–µ—Ä–≥–µ–π <serga.74@list.ru> 
+79090535077 
 
–û–ø–∏—Å–∞–Ω–∏–µ –≥—Ä—É–∑–∞:   –æ–¥–µ–∂–¥–∞ 
–°—Ç–æ–∏–º–æ—Å—Ç—å –≥—Ä—É–∑–∞ –≤ –≤–∞–ª—é—Ç–µ:   4500 $ 
–û–±—â–∏–π –≤–µ—Å (–∫–≥):   150 
–û–±—â–∏–π –æ–±—ä–µ–º (–º≥):   0,8 
–°—Ç—Ä–∞–Ω–∞ –∏ –≥–æ—Ä–æ–¥ –æ—Ç–ø—Ä–∞–≤–ª–µ–Ω–∏—è:   —Ç—É—Ä—Ü–∏—è —Å—Ç–∞–º–±—É–ª 
–°—Ç—Ä–∞–Ω–∞ –∏ –≥–æ—Ä–æ–¥ –Ω–∞–∑–Ω–∞—á–µ–Ω–∏—è:   —Ä–æ—Å—Å–∏—è —Å–∞—Ä–∞–ø—É–ª 
 
--–û—Ç–ø—Ä–∞–≤–ª–µ–Ω–æ —á–µ—Ä–µ–∑ —Ñ–æ—Ä–º—É –∑–∞–ø—Ä–æ—Å–∞ parcels.su 
 
 
15-05-2012, 15:31:05 –ø–∏—Å—å–º–æ –æ—Ç–ø—Ä–∞–≤–ª–µ–Ω–æ –Ω–∞ info@parcels.su 
–° IP-–∞–¥—Ä–µ—Å–∞ 46.159.24.232 —Å–æ —Å—Ç—Ä–∞–Ω–∏—Ü—ã http://www.parcels.su/import 
–¢–µ–∫—Å—Ç –ø–∏—Å—å–º–∞: 
–û—Ç: –õ–µ–±–µ–¥–µ–≤ –ê.–°. <c_m_r@list.ru> 
 
 
–û–ø–∏—Å–∞–Ω–∏–µ –≥—Ä—É–∑–∞:   —Ü–µ–Ω–Ω–∞—è –±–∞–Ω–¥–µ—Ä–æ–ª—å 
–û–±—â–∏–π –≤–µ—Å (–∫–≥):   0,606 
–°—Ç—Ä–∞–Ω–∞ –∏ –≥–æ—Ä–æ–¥ –æ—Ç–ø—Ä–∞–≤–ª–µ–Ω–∏—è:   –†–æ—Å—Å–∏—è –≥.–¢–∏–º–∞—à–µ–≤—Å–∫ 
–°—Ç—Ä–∞–Ω–∞ –∏ –≥–æ—Ä–æ–¥ –Ω–∞–∑–Ω–∞—á–µ–Ω–∏—è:   –†–æ—Å—Å–∏—è –≥. –ë–µ–ª–≥–æ—Ä–æ–¥ 
 
--–û—Ç–ø—Ä–∞–≤–ª–µ–Ω–æ —á–µ—Ä–µ–∑ —Ñ–æ—Ä–º—É –∑–∞–ø—Ä–æ—Å–∞ parcels.su 
 
 
16-05-2012, 18:40:02 –ø–∏—Å—å–º–æ –æ—Ç–ø—Ä–∞–≤–ª–µ–Ω–æ –Ω–∞ info@parcels.su 
–° IP-–∞–¥—Ä–µ—Å–∞ 188.19.244.243 —Å–æ —Å—Ç—Ä–∞–Ω–∏—Ü—ã http://www.parcels.su/ 
–¢–µ–∫—Å—Ç –ø–∏—Å—å–º–∞: 
–û—Ç: –ê–ª–µ–∫—Å–µ–π <univer-comp@mail.ru> 
+79048416937 
 
–û–ø–∏—Å–∞–Ω–∏–µ –≥—Ä—É–∑–∞:   –¢–æ–≤–∞—Ä, –ø—Ä–∏–æ–±—Ä–µ—Ç–µ–Ω–Ω—ã–π –Ω–∞ Ebay - –∏–≥—Ä—É—à–∫–∏ –∏ –ø—Ä–æ—á–∏–π –º–∞—Ç–µ—Ä–∏–∞–ª –¥–ª—è –≤—ã—Å—Ç–∞–≤–æ–∫ 
–°—Ç–æ–∏–º–æ—Å—Ç—å –≥—Ä—É–∑–∞ –≤ –≤–∞–ª—é—Ç–µ:   7000 —Ä. 
–ö–æ–ª–∏—á–µ—Å—Ç–≤–æ –∏ –≥–∞–±–∞—Ä–∏—Ç—ã –∫–æ—Ä–æ–±–æ–∫:   1 
–û–±—â–∏–π –≤–µ—Å (–∫–≥):   35 
–û–±—â–∏–π –æ–±—ä–µ–º (–º≥):   0,05 
–°—Ç—Ä–∞–Ω–∞ –∏ –≥–æ—Ä–æ–¥ –æ—Ç–ø—Ä–∞–≤–ª–µ–Ω–∏—è:   –í–µ–ª–∏–∫–æ–±—Ä–∏—Ç–∞–Ω–∏—è, –°–≤–µ–¥–ª–∏–Ω–∫–æ—Ç 
–°—Ç—Ä–∞–Ω–∞ –∏ –≥–æ—Ä–æ–¥ –Ω–∞–∑–Ω–∞—á–µ–Ω–∏—è:   –†–æ—Å—Å–∏—è, –ü–µ—Ä–º—å –∏–ª–∏ –õ—ã—Å—å–≤–∞ 
–¢—Ä–µ–±—É—é—â–∏–µ—Å—è —É—Å–ª—É–≥–∏:   –ó–∞–±–æ—Ä —Ç–æ–≤–∞—Ä–∞ 
 
--–û—Ç–ø—Ä–∞–≤–ª–µ–Ω–æ —á–µ—Ä–µ–∑ —Ñ–æ—Ä–º—É –∑–∞–ø—Ä–æ—Å–∞ parcels.su 
 
 
16-05-2012, 20:03:44 –ø–∏—Å—å–º–æ –æ—Ç–ø—Ä–∞–≤–ª–µ–Ω–æ –Ω–∞ info@parcels.su 
–° IP-–∞–¥—Ä–µ—Å–∞ 83.149.35.124 —Å–æ —Å—Ç—Ä–∞–Ω–∏—Ü—ã http://www.parcels.su/request 
–¢–µ–∫—Å—Ç –ø–∏—Å—å–º–∞: 
–û—Ç: –ú–∏—Ö–∞–∏–ª <mSyresin@mail.ru> 
89124205984 
 
–û–ø–∏—Å–∞–Ω–∏–µ –≥—Ä—É–∑–∞:   –≤–æ–¥–∏—Ç–µ–ª—å—Å–∫–∏–µ –ø—Ä–∞–≤–∞ 
–°—Ç–æ–∏–º–æ—Å—Ç—å –≥—Ä—É–∑–∞ –≤ –≤–∞–ª—é—Ç–µ:   500$ 
–ö–æ–ª–∏—á–µ—Å—Ç–≤–æ –∏ –≥–∞–±–∞—Ä–∏—Ç—ã –∫–æ—Ä–æ–±–æ–∫:   –∫–æ–Ω–≤–µ—Ä—Ç 
–û–±—â–∏–π –≤–µ—Å (–∫–≥):   0.1–∫–≥ 
–°—Ç—Ä–∞–Ω–∞ –∏ –≥–æ—Ä–æ–¥ –æ—Ç–ø—Ä–∞–≤–ª–µ–Ω–∏—è:   –†–æ—Å—Å–∏—è –≥. –¢–∏—á–æ—Ä–µ—Ü–∫ 
–°—Ç—Ä–∞–Ω–∞ –∏ –≥–æ—Ä–æ–¥ –Ω–∞–∑–Ω–∞—á–µ–Ω–∏—è:   –†–æ—Å—Å–∏—è –≥. –ù–æ–≤—ã–π- –£—Ä–µ–Ω–≥–æ–π 
–¢—Ä–µ–±—É—é—â–∏–µ—Å—è —É—Å–ª—É–≥–∏:   –¥–æ—Å—Ç–∞–≤–∫–∞ 
 
--–û—Ç–ø—Ä–∞–≤–ª–µ–Ω–æ —á–µ—Ä–µ–∑ —Ñ–æ—Ä–º—É –∑–∞–ø—Ä–æ—Å–∞ parcels.su 
 
 
17-05-2012, 09:15:10 –ø–∏—Å—å–º–æ –æ—Ç–ø—Ä–∞–≤–ª–µ–Ω–æ –Ω–∞ info@parcels.su 
–° IP-–∞–¥—Ä–µ—Å–∞ 178.49.10.229 —Å–æ —Å—Ç—Ä–∞–Ω–∏—Ü—ã http://www.parcels.su/delivery 
–¢–µ–∫—Å—Ç –ø–∏—Å—å–º–∞: 
–û—Ç: –Æ–ª–∏—è <Shefer92@mail.ru> 
89137676701 
 
–û–ø–∏—Å–∞–Ω–∏–µ –≥—Ä—É–∑–∞:   –ê–∫—Å–µ—Å—Å—É–∞—Ä—ã 
–°—Ç–æ–∏–º–æ—Å—Ç—å –≥—Ä—É–∑–∞ –≤ –≤–∞–ª—é—Ç–µ:   100000 
–ö–æ–ª–∏—á–µ—Å—Ç–≤–æ –∏ –≥–∞–±–∞—Ä–∏—Ç—ã –∫–æ—Ä–æ–±–æ–∫:   3 –∫–æ—Ä–æ–±–∫–∏ 
–û–±—â–∏–π –≤–µ—Å (–∫–≥):   10 
–û–±—â–∏–π –æ–±—ä–µ–º (–º≥):   5 
–°—Ç—Ä–∞–Ω–∞ –∏ –≥–æ—Ä–æ–¥ –æ—Ç–ø—Ä–∞–≤–ª–µ–Ω–∏—è:   –ö–∏—Ç–∞–π –ø–µ–∫–∏–Ω 
–°—Ç—Ä–∞–Ω–∞ –∏ –≥–æ—Ä–æ–¥ –Ω–∞–∑–Ω–∞—á–µ–Ω–∏—è:   –†–æ—Å—Å–∏—è –Ω–æ–≤–æ—Å–∏–±–∏—Ä—Å–∫ 
–¢—Ä–µ–±—É—é—â–∏–µ—Å—è —É—Å–ª—É–≥–∏:   –î–æ—Å—Ç–∞–≤–∫–∞ –∫–æ–º–º–µ—Ä—á–µ—Å–∫–æ–π –ø–æ—Å—ã–ª–∫–∏ 
 
--–û—Ç–ø—Ä–∞–≤–ª–µ–Ω–æ —á–µ—Ä–µ–∑ —Ñ–æ—Ä–º—É –∑–∞–ø—Ä–æ—Å–∞ parcels.su 
 
 
17-05-2012, 10:59:27 –ø–∏—Å—å–º–æ –æ—Ç–ø—Ä–∞–≤–ª–µ–Ω–æ –Ω–∞ info@parcels.su 
–° IP-–∞–¥—Ä–µ—Å–∞ 81.26.147.34 —Å–æ —Å—Ç—Ä–∞–Ω–∏—Ü—ã http://www.parcels.su/contacts 
–¢–µ–∫—Å—Ç –ø–∏—Å—å–º–∞: 
–û—Ç: –ê–ª–µ–∫—Å–∞–Ω–¥—Ä <sahalin7@yandex.ru> 
+79169398233 
 
–û–ø–∏—Å–∞–Ω–∏–µ –≥—Ä—É–∑–∞:   116 –ø–∞—Ä —Å–ø–æ—Ä—Ç–∏–≤–Ω—ã—Ö –∫—Ä–æ—Å–æ–≤–æ–∫
–§—É—Ç–±–æ–ª–∫–∏ –∏ –°–ø–æ—Ä—Ç. –∫–æ—Å—Ç—é–º—ã (70 –µ–¥–∏–Ω–∏—Ü) 
–°—Ç–æ–∏–º–æ—Å—Ç—å –≥—Ä—É–∑–∞ –≤ –≤–∞–ª—é—Ç–µ:   1600$ 
–ö–æ–ª–∏—á–µ—Å—Ç–≤–æ –∏ –≥–∞–±–∞—Ä–∏—Ç—ã –∫–æ—Ä–æ–±–æ–∫:   6 –∫–æ—Ä–æ–±–æ–∫ 
–û–±—â–∏–π –≤–µ—Å (–∫–≥):   25-30 –∫–≥ 
–û–±—â–∏–π –æ–±—ä–µ–º (–º≥):   1 
–°—Ç—Ä–∞–Ω–∞ –∏ –≥–æ—Ä–æ–¥ –æ—Ç–ø—Ä–∞–≤–ª–µ–Ω–∏—è:   –ö–∏—Ç–∞–π, –ù–∏–Ω–≥–±–æ 
–°—Ç—Ä–∞–Ω–∞ –∏ –≥–æ—Ä–æ–¥ –Ω–∞–∑–Ω–∞—á–µ–Ω–∏—è:   –†–æ—Å—Å–∏—è, –ú–æ—Å–∫–≤–∞ 
–¢—Ä–µ–±—É—é—â–∏–µ—Å—è —É—Å–ª—É–≥–∏:   –ó–∞–±—Ä–∞—Ç—å –≥—Ä—É–∑ —É –ø—Ä–æ–∏–∑–≤–æ–¥–∏—Ç–µ–ª—è, –ü—Ä–∏–≤–µ–∑—Ç–∏ —Å–∞–º–æ–ª–µ—Ç–æ–º (–∏–ª–∏ –∏–Ω–æ–µ), —Ä–∞—Å—Ç–∞–º–æ–∂–∏—Ç—å, –∏ –æ—Ç–¥–∞—Ç—å –≥—Ä—É–∑ –ø–æ–ª—É—á–∞—Ç–µ–ª—é 
 
--–û—Ç–ø—Ä–∞–≤–ª–µ–Ω–æ —á–µ—Ä–µ–∑ —Ñ–æ—Ä–º—É –∑–∞–ø—Ä–æ—Å–∞ parcels.su 
 
 
17-05-2012, 19:04:36 –ø–∏—Å—å–º–æ –æ—Ç–ø—Ä–∞–≤–ª–µ–Ω–æ –Ω–∞ info@parcels.su 
–° IP-–∞–¥—Ä–µ—Å–∞ 188.134.65.234 —Å–æ —Å—Ç—Ä–∞–Ω–∏—Ü—ã http://www.parcels.su/contacts 
–¢–µ–∫—Å—Ç –ø–∏—Å—å–º–∞: 
–û—Ç: –µ–ª–µ–Ω–∞ <frends6570@yandex.ru> 
8 9111702446 
 
–û–ø–∏—Å–∞–Ω–∏–µ –≥—Ä—É–∑–∞:   —Ç–µ–∫—Å—Ç–∏–ª—å–Ω—ã–µ —Å—É–º–∫–∏ 
–°—Ç–æ–∏–º–æ—Å—Ç—å –≥—Ä—É–∑–∞ –≤ –≤–∞–ª—é—Ç–µ:   1500 –¥–æ–ª —Å—à—Ñ 
–ö–æ–ª–∏—á–µ—Å—Ç–≤–æ –∏ –≥–∞–±–∞—Ä–∏—Ç—ã –∫–æ—Ä–æ–±–æ–∫:   1 –º–µ—Å—Ç–æ 0.5 –º3 
–û–±—â–∏–π –≤–µ—Å (–∫–≥):   25 –∫–≥ 
–û–±—â–∏–π –æ–±—ä–µ–º (–º≥):   0.5 –º3 
–°—Ç—Ä–∞–Ω–∞ –∏ –≥–æ—Ä–æ–¥ –æ—Ç–ø—Ä–∞–≤–ª–µ–Ω–∏—è:   –Ω–µ–ø–∞–ª –∫–∞—Ç–º–∞–Ω–¥—É 
–°—Ç—Ä–∞–Ω–∞ –∏ –≥–æ—Ä–æ–¥ –Ω–∞–∑–Ω–∞—á–µ–Ω–∏—è:   —Å–∞–Ω–∫—Ç –ø–µ—Ç–µ—Ä–±—É—Ä–≥ 
–¢—Ä–µ–±—É—é—â–∏–µ—Å—è —É—Å–ª—É–≥–∏:   —Å –≤–∞—à–µ–π —Ä–∞—Å—Å—Ç–æ–º–æ–∂–∫–æ–π 
 
--–û—Ç–ø—Ä–∞–≤–ª–µ–Ω–æ —á–µ—Ä–µ–∑ —Ñ–æ—Ä–º—É –∑–∞–ø—Ä–æ—Å–∞ parcels.su 
 
 
18-05-2012, 08:17:14 –ø–∏—Å—å–º–æ –æ—Ç–ø—Ä–∞–≤–ª–µ–Ω–æ –Ω–∞ info@parcels.su 
–° IP-–∞–¥—Ä–µ—Å–∞ 128.75.200.118 —Å–æ —Å—Ç—Ä–∞–Ω–∏—Ü—ã http://www.parcels.su/delivery 
–¢–µ–∫—Å—Ç –ø–∏—Å—å–º–∞: 
–û—Ç: –í–∞–ª–µ–Ω—Ç–∏–Ω–∞ <Valensiya-1980@mail.ru> 
+79232835763 
 
–û–ø–∏—Å–∞–Ω–∏–µ –≥—Ä—É–∑–∞:   –ü–æ—Å—ã–ª–∫–∞ (–∫–æ—Å–º–µ—Ç–∏–∫–∞: —Ç—É—à—å –¥/—Ä–µ—Å–Ω–∏—Ü, –±–ª–µ—Å–∫ –¥/–≥—É–±)) 
–°—Ç–æ–∏–º–æ—Å—Ç—å –≥—Ä—É–∑–∞ –≤ –≤–∞–ª—é—Ç–µ:   270 $ 
–ö–æ–ª–∏—á–µ—Å—Ç–≤–æ –∏ –≥–∞–±–∞—Ä–∏—Ç—ã –∫–æ—Ä–æ–±–æ–∫:   1 –ø–æ—á—Ç–æ–≤–∞—è –∫–æ—Ä–æ–±–∫–∞ 
–û–±—â–∏–π –≤–µ—Å (–∫–≥):   8,8 
–°—Ç—Ä–∞–Ω–∞ –∏ –≥–æ—Ä–æ–¥ –æ—Ç–ø—Ä–∞–≤–ª–µ–Ω–∏—è:   –£–∫—Ä–∞–∏–Ω–∞, –ö–∏–µ–≤ 
–°—Ç—Ä–∞–Ω–∞ –∏ –≥–æ—Ä–æ–¥ –Ω–∞–∑–Ω–∞—á–µ–Ω–∏—è:   –†–æ—Å—Å–∏—è, –ö—Ä–∞—Å–Ω–æ—è—Ä—Å–∫ 
–¢—Ä–µ–±—É—é—â–∏–µ—Å—è —É—Å–ª—É–≥–∏:   –î–æ—Å—Ç–∞–≤–∫–∞ 
 
--–û—Ç–ø—Ä–∞–≤–ª–µ–Ω–æ —á–µ—Ä–µ–∑ —Ñ–æ—Ä–º—É –∑–∞–ø—Ä–æ—Å–∞ parcels.su 
 
 
18-05-2012, 13:04:30 –ø–∏—Å—å–º–æ –æ—Ç–ø—Ä–∞–≤–ª–µ–Ω–æ –Ω–∞ info@parcels.su 
–° IP-–∞–¥—Ä–µ—Å–∞ 89.207.78.57 —Å–æ —Å—Ç—Ä–∞–Ω–∏—Ü—ã http://www.parcels.su/contacts 
–¢–µ–∫—Å—Ç –ø–∏—Å—å–º–∞: 
–û—Ç: –ï—Ä–º–æ–ª–∞–µ–≤ –ü–∞–≤–µ–ª –Æ—Ä—å–µ–≤–∏—á <nonferrousru@gmail.com> 
+79226602562 
 
–û–ø–∏—Å–∞–Ω–∏–µ –≥—Ä—É–∑–∞:   –∫–∞–º–Ω–∏ –≤–æ–∑–¥—É—à–Ω—ã–µ 1000 —à—Ç. –ø—Ä–∏–º–µ–Ω—è—é—Ç—Å—è –¥–ª—è —Ä–∞—Å—Å–µ–∫–∞–Ω–∏—è –≤–æ–∑–¥—É—à–Ω–æ–≥–æ –ø–æ—Ç–æ–∫–∞, –ø—Ä–µ–¥—Å—Ç–∞–≤–ª—è—é—Ç –∏–∑ —Å–µ–±—è –ø—É—Å—Ç–æ—Ç–µ–ª—ã–π —Ü–∏–ª–∏–Ω–¥—Ä —Å –∑–∞–∫—Ä—ã—Ç—ã–º —Ç–æ—Ä—Ü–µ–º –∏–∑ –∞–±—Ä–∞–∑–∏–≤–Ω–æ–≥–æ –º–∞—Ç–µ—Ä–∏–∞–ª–∞ —Å –≤–∫–ª–µ–µ–Ω–Ω—ã–º –ø–ª–∞—Å—Ç–∏–∫–æ–≤—ã–º —à—Ç—É—Ü–µ—Ä–æ–º 15 –º–º –¥–∏–∞–º–µ—Ç—Ä, 15 –º–º –≤—ã—Å–æ—Ç–∞, 4 –º–º - –¥–∏–∞–º–µ—Ç—Ä —à—Ç—É—Ü–µ—Ä–∞ 
–°—Ç–æ–∏–º–æ—Å—Ç—å –≥—Ä—É–∑–∞ –≤ –≤–∞–ª—é—Ç–µ:   330 –¥–æ–ª–ª. 
–ö–æ–ª–∏—á–µ—Å—Ç–≤–æ –∏ –≥–∞–±–∞—Ä–∏—Ç—ã –∫–æ—Ä–æ–±–æ–∫:   1 —à—Ç. 30—Ö10—Ö10 
–û–±—â–∏–π –≤–µ—Å (–∫–≥):   4,2 
–û–±—â–∏–π –æ–±—ä–µ–º (–º≥):   0,01 
–°—Ç—Ä–∞–Ω–∞ –∏ –≥–æ—Ä–æ–¥ –æ—Ç–ø—Ä–∞–≤–ª–µ–Ω–∏—è:   –ö–∏—Ç–∞–π, –î–æ–Ω–≥—É–∞–Ω 
–°—Ç—Ä–∞–Ω–∞ –∏ –≥–æ—Ä–æ–¥ –Ω–∞–∑–Ω–∞—á–µ–Ω–∏—è:   –†–æ—Å—Å–∏—è, –≥. –ú–æ—Å–∫–≤–∞ 
–¢—Ä–µ–±—É—é—â–∏–µ—Å—è —É—Å–ª—É–≥–∏:   –ø–æ—Å–ª–µ –ø—Ä–æ–≤–µ–¥–µ–Ω–∏—è –ø–µ—Ä–µ–∞–¥—Ä–µ—Å–∞—Ü–∏–∏ –Ω–∞ –í–∞—à –∞–¥—Ä–µ—Å - –ø–æ–ª—É—á–∏—Ç—å –ø–æ—Å—ã–ª–∫—É —Ä–∞—Å—Ç–∞–º–æ–∂–∏—Ç—å –µ—ë –∏ –ø–µ—Ä–µ–¥–∞—Ç—å –Ω–∞—à–µ–º—É –ø—Ä–µ–¥—Å—Ç–∞–≤–∏—Ç–µ–ª—é 
 
--–û—Ç–ø—Ä–∞–≤–ª–µ–Ω–æ —á–µ—Ä–µ–∑ —Ñ–æ—Ä–º—É –∑–∞–ø—Ä–æ—Å–∞ parcels.su 
 
 
18-05-2012, 17:17:31 –ø–∏—Å—å–º–æ –æ—Ç–ø—Ä–∞–≤–ª–µ–Ω–æ –Ω–∞ info@parcels.su 
–° IP-–∞–¥—Ä–µ—Å–∞ 188.123.241.183 —Å–æ —Å—Ç—Ä–∞–Ω–∏—Ü—ã http://www.parcels.su/contacts 
–¢–µ–∫—Å—Ç –ø–∏—Å—å–º–∞: 
–û—Ç: –º–∞—Ä–∏—è <info@mta-russia.com> 
+79255085835 
 
–û–ø–∏—Å–∞–Ω–∏–µ –≥—Ä—É–∑–∞:   —Ç–∫–∞–Ω—å —Å –≤—ã—à–∏–≤–∫–æ–π 
–°—Ç–æ–∏–º–æ—Å—Ç—å –≥—Ä—É–∑–∞ –≤ –≤–∞–ª—é—Ç–µ:   10 000 –¥–æ–ª 
–û–±—â–∏–π –≤–µ—Å (–∫–≥):   20 
–°—Ç—Ä–∞–Ω–∞ –∏ –≥–æ—Ä–æ–¥ –æ—Ç–ø—Ä–∞–≤–ª–µ–Ω–∏—è:   –∏–Ω–¥–∏—è. –¥–µ–ª–ª–∏ 
–°—Ç—Ä–∞–Ω–∞ –∏ –≥–æ—Ä–æ–¥ –Ω–∞–∑–Ω–∞—á–µ–Ω–∏—è:   —Ä–æ—Å—Å–∏—è.–º–æ—Å–∫–≤–∞ 
 
--–û—Ç–ø—Ä–∞–≤–ª–µ–Ω–æ —á–µ—Ä–µ–∑ —Ñ–æ—Ä–º—É –∑–∞–ø—Ä–æ—Å–∞ parcels.su 
 
 
19-05-2012, 15:16:26 –ø–∏—Å—å–º–æ –æ—Ç–ø—Ä–∞–≤–ª–µ–Ω–æ –Ω–∞ info@parcels.su 
–° IP-–∞–¥—Ä–µ—Å–∞ 95.82.153.44 —Å–æ —Å—Ç—Ä–∞–Ω–∏—Ü—ã http://www.parcels.su/delivery 
–¢–µ–∫—Å—Ç –ø–∏—Å—å–º–∞: 
–û—Ç: –ï–ª–µ–Ω–∞ <wostokk@volny.cz> 
+429725249474 
 
–û–ø–∏—Å–∞–Ω–∏–µ –≥—Ä—É–∑–∞:   –∫–æ—Å–º–µ—Ç–∏–∫–∞ –¥–ª—è –≤–æ–ª–æ—Å 
–°—Ç–æ–∏–º–æ—Å—Ç—å –≥—Ä—É–∑–∞ –≤ –≤–∞–ª—é—Ç–µ:   1000 –µ–≤—Ä–æ 
–ö–æ–ª–∏—á–µ—Å—Ç–≤–æ –∏ –≥–∞–±–∞—Ä–∏—Ç—ã –∫–æ—Ä–æ–±–æ–∫:   2 –∫–æ—Ä–æ–±–∫–∏,50—Ö40—Ö30 
–û–±—â–∏–π –≤–µ—Å (–∫–≥):   20 
–°—Ç—Ä–∞–Ω–∞ –∏ –≥–æ—Ä–æ–¥ –æ—Ç–ø—Ä–∞–≤–ª–µ–Ω–∏—è:   –ß–µ—Ö–∏—è,–ë—Ä–Ω–æ 
–°—Ç—Ä–∞–Ω–∞ –∏ –≥–æ—Ä–æ–¥ –Ω–∞–∑–Ω–∞—á–µ–Ω–∏—è:   –†–æ—Å—Å–∏—è,–ú–æ—Å–∫–≤–∞ 
 
--–û—Ç–ø—Ä–∞–≤–ª–µ–Ω–æ —á–µ—Ä–µ–∑ —Ñ–æ—Ä–º—É –∑–∞–ø—Ä–æ—Å–∞ parcels.su 
 
 
19-05-2012, 15:53:34 –ø–∏—Å—å–º–æ –æ—Ç–ø—Ä–∞–≤–ª–µ–Ω–æ –Ω–∞ info@parcels.su 
–° IP-–∞–¥—Ä–µ—Å–∞ 92.126.14.95 —Å–æ —Å—Ç—Ä–∞–Ω–∏—Ü—ã http://www.parcels.su/ 
–¢–µ–∫—Å—Ç –ø–∏—Å—å–º–∞: 
–û—Ç: –≤–∏–∫—Ç–æ—Ä–æ–≤–∞ –Ω–∏–Ω–∞ –∞–¥–æ–ª—å—Ñ–æ–≤–Ω–∞ <order@parcels.su> 
8 904 7123147 
 
–û–ø–∏—Å–∞–Ω–∏–µ –≥—Ä—É–∑–∞:   –ø–æ—Å—ã–ª–∫–∞ 
–ö–æ–ª–∏—á–µ—Å—Ç–≤–æ –∏ –≥–∞–±–∞—Ä–∏—Ç—ã –∫–æ—Ä–æ–±–æ–∫:   1 
–û–±—â–∏–π –≤–µ—Å (–∫–≥):   657 
–°—Ç—Ä–∞–Ω–∞ –∏ –≥–æ—Ä–æ–¥ –æ—Ç–ø—Ä–∞–≤–ª–µ–Ω–∏—è:   –∏—Ä–∫—É—Ç—Å–∫–∞—è –æ–±–ª.—Å–∞—è–Ω—Å–∫ 
–°—Ç—Ä–∞–Ω–∞ –∏ –≥–æ—Ä–æ–¥ –Ω–∞–∑–Ω–∞—á–µ–Ω–∏—è:   –º–æ—Å–∫–≤–∞, —à.–≤–∞—Ä—à–∞–≤—Å–∫–æ–µ,37 
–¢—Ä–µ–±—É—é—â–∏–µ—Å—è —É—Å–ª—É–≥–∏:   –≤–µ—Ä–Ω—É—Ç—å –¥–µ–Ω—å–≥–∏ –∑–∞ —Ç–æ–≤–∞—Ä 
 
--–û—Ç–ø—Ä–∞–≤–ª–µ–Ω–æ —á–µ—Ä–µ–∑ —Ñ–æ—Ä–º—É –∑–∞–ø—Ä–æ—Å–∞ parcels.su 
 
 
20-05-2012, 02:15:12 –ø–∏—Å—å–º–æ –æ—Ç–ø—Ä–∞–≤–ª–µ–Ω–æ –Ω–∞ info@parcels.su 
–° IP-–∞–¥—Ä–µ—Å–∞ 80.117.121.221 —Å–æ —Å—Ç—Ä–∞–Ω–∏—Ü—ã http://www.parcels.su/customs 
–¢–µ–∫—Å—Ç –ø–∏—Å—å–º–∞: 
–û—Ç: –Æ–ª–∏—è <julia0208@yandex.ru> 
 
 
–û–ø–∏—Å–∞–Ω–∏–µ –≥—Ä—É–∑–∞:   –±–∏–∂—É—Ç–µ—Ä–∏—è 
–°—Ç–æ–∏–º–æ—Å—Ç—å –≥—Ä—É–∑–∞ –≤ –≤–∞–ª—é—Ç–µ:   1000 –¥–æ–ª–ª 
–ö–æ–ª–∏—á–µ—Å—Ç–≤–æ –∏ –≥–∞–±–∞—Ä–∏—Ç—ã –∫–æ—Ä–æ–±–æ–∫:   1 
–û–±—â–∏–π –≤–µ—Å (–∫–≥):   20 
–°—Ç—Ä–∞–Ω–∞ –∏ –≥–æ—Ä–æ–¥ –æ—Ç–ø—Ä–∞–≤–ª–µ–Ω–∏—è:   –ö–∏—Ç–∞–π 
–°—Ç—Ä–∞–Ω–∞ –∏ –≥–æ—Ä–æ–¥ –Ω–∞–∑–Ω–∞—á–µ–Ω–∏—è:   –°–∞–Ω–∫—Ç-–ü–µ—Ç–µ—Ä–±—É—Ä–≥ 
–¢—Ä–µ–±—É—é—â–∏–µ—Å—è —É—Å–ª—É–≥–∏:   –¥–æ—Å—Ç–∞–≤–∫–∞, —Ç–∞–º–æ–∂–Ω—è 
 
--–û—Ç–ø—Ä–∞–≤–ª–µ–Ω–æ —á–µ—Ä–µ–∑ —Ñ–æ—Ä–º—É –∑–∞–ø—Ä–æ—Å–∞ parcels.su 
 
 
22-05-2012, 09:48:32 –ø–∏—Å—å–º–æ –æ—Ç–ø—Ä–∞–≤–ª–µ–Ω–æ –Ω–∞ info@parcels.su 
–° IP-–∞–¥—Ä–µ—Å–∞ 81.200.20.17 —Å–æ —Å—Ç—Ä–∞–Ω–∏—Ü—ã http://www.parcels.su/contacts 
–¢–µ–∫—Å—Ç –ø–∏—Å—å–º–∞: 
–û—Ç: –î–∂–∞–º–∞–ª –ê–≥–∞–µ–≤–∏—á <bda@sumail.ru> 
+7925 6424101 
 
–û–ø–∏—Å–∞–Ω–∏–µ –≥—Ä—É–∑–∞:   —Ä–∏—Å –æ–±—Ä–∞–∑–µ—Ü 
–ö–æ–ª–∏—á–µ—Å—Ç–≤–æ –∏ –≥–∞–±–∞—Ä–∏—Ç—ã –∫–æ—Ä–æ–±–æ–∫:   20 –≥—Ä–∞–º–º, –ø–∞–∫–µ—Ç 
–û–±—â–∏–π –≤–µ—Å (–∫–≥):   0,20 
–°—Ç—Ä–∞–Ω–∞ –∏ –≥–æ—Ä–æ–¥ –æ—Ç–ø—Ä–∞–≤–ª–µ–Ω–∏—è:   –†–§, –ú–æ—Å–∫–≤–∞ 
–°—Ç—Ä–∞–Ω–∞ –∏ –≥–æ—Ä–æ–¥ –Ω–∞–∑–Ω–∞—á–µ–Ω–∏—è:   –í–µ–Ω–≥—Ä–∏—è, –ë—É–¥–∞–Ω–µ—à—Ç 
–¢—Ä–µ–±—É—é—â–∏–µ—Å—è —É—Å–ª—É–≥–∏:   –æ—Ç–ø—Ä–∞–≤–∫–∞ 
 
--–û—Ç–ø—Ä–∞–≤–ª–µ–Ω–æ —á–µ—Ä–µ–∑ —Ñ–æ—Ä–º—É –∑–∞–ø—Ä–æ—Å–∞ parcels.su 
 
 
22-05-2012, 09:49:51 –ø–∏—Å—å–º–æ –æ—Ç–ø—Ä–∞–≤–ª–µ–Ω–æ –Ω–∞ info@parcels.su 
–° IP-–∞–¥—Ä–µ—Å–∞ 81.200.20.17 —Å–æ —Å—Ç—Ä–∞–Ω–∏—Ü—ã http://www.parcels.su/request 
–¢–µ–∫—Å—Ç –ø–∏—Å—å–º–∞: 
–û—Ç: –ö–ª–∏–µ–Ω—Ç —Å Parcels.su <bda@sumail.ru> 
 
 
 
--–û—Ç–ø—Ä–∞–≤–ª–µ–Ω–æ —á–µ—Ä–µ–∑ —Ñ–æ—Ä–º—É –∑–∞–ø—Ä–æ—Å–∞ parcels.su 
 
 
22-05-2012, 09:51:29 –ø–∏—Å—å–º–æ –æ—Ç–ø—Ä–∞–≤–ª–µ–Ω–æ –Ω–∞ info@parcels.su 
–° IP-–∞–¥—Ä–µ—Å–∞ 81.200.20.17 —Å–æ —Å—Ç—Ä–∞–Ω–∏—Ü—ã http://www.parcels.su/request 
–¢–µ–∫—Å—Ç –ø–∏—Å—å–º–∞: 
–û—Ç: –î–∂–∞–º–∞–ª –ê–≥–∞–µ–≤–∏—á <bda@sumail.ru> 
+7925 6424101 
 
–û–ø–∏—Å–∞–Ω–∏–µ –≥—Ä—É–∑–∞:   –æ–±—Ä–∞–∑—Ü—ã —Ä–∏—Å–∞ 
–°—Ç–æ–∏–º–æ—Å—Ç—å –≥—Ä—É–∑–∞ –≤ –≤–∞–ª—é—Ç–µ:   —Ä—É–± 
–°—Ç—Ä–∞–Ω–∞ –∏ –≥–æ—Ä–æ–¥ –æ—Ç–ø—Ä–∞–≤–ª–µ–Ω–∏—è:   –†–§, –ú–æ—Å–∫–≤–∞ 
–°—Ç—Ä–∞–Ω–∞ –∏ –≥–æ—Ä–æ–¥ –Ω–∞–∑–Ω–∞—á–µ–Ω–∏—è:   –í–µ–Ω–≥—Ä–∏—è, –ë—É–¥–∞–ø–µ—à—Ç 
–¢—Ä–µ–±—É—é—â–∏–µ—Å—è —É—Å–ª—É–≥–∏:   –æ—Ç–ø—Ä–∞–≤–∫–∞ 
 
--–û—Ç–ø—Ä–∞–≤–ª–µ–Ω–æ —á–µ—Ä–µ–∑ —Ñ–æ—Ä–º—É –∑–∞–ø—Ä–æ—Å–∞ parcels.su 
 
 
22-05-2012, 18:55:11 –ø–∏—Å—å–º–æ –æ—Ç–ø—Ä–∞–≤–ª–µ–Ω–æ –Ω–∞ info@parcels.su 
–° IP-–∞–¥—Ä–µ—Å–∞ 84.51.91.183 —Å–æ —Å—Ç—Ä–∞–Ω–∏—Ü—ã http://www.parcels.su/delivery 
–¢–µ–∫—Å—Ç –ø–∏—Å—å–º–∞: 
–û—Ç: –ò–Ω–Ω–∞ <odinez200464@mail.ru> 
+7(903)149-14-64 
 
–û–ø–∏—Å–∞–Ω–∏–µ –≥—Ä—É–∑–∞:   –ö–æ—Ä–æ–±–∫–∞ –æ–±—É–≤–Ω–∞—è 
–°—Ç–æ–∏–º–æ—Å—Ç—å –≥—Ä—É–∑–∞ –≤ –≤–∞–ª—é—Ç–µ:   80 –¥–æ–ª–ª–∞—Ä–æ–≤ –°–®–ê 
–ö–æ–ª–∏—á–µ—Å—Ç–≤–æ –∏ –≥–∞–±–∞—Ä–∏—Ç—ã –∫–æ—Ä–æ–±–æ–∫:   50-17-12 —Å–º 
–û–±—â–∏–π –≤–µ—Å (–∫–≥):   510 
–û–±—â–∏–π –æ–±—ä–µ–º (–º≥):   550 
–°—Ç—Ä–∞–Ω–∞ –∏ –≥–æ—Ä–æ–¥ –æ—Ç–ø—Ä–∞–≤–ª–µ–Ω–∏—è:   –†–æ—Å—Å–∏—è,–û–¥–∏–Ω—Ü–æ–≤–æ –≥., –ú.–û. 
–°—Ç—Ä–∞–Ω–∞ –∏ –≥–æ—Ä–æ–¥ –Ω–∞–∑–Ω–∞—á–µ–Ω–∏—è:   –£–∫—Ä–∞–∏–Ω–∞, –ö–∏–µ–≤ –≥. 
 
--–û—Ç–ø—Ä–∞–≤–ª–µ–Ω–æ —á–µ—Ä–µ–∑ —Ñ–æ—Ä–º—É –∑–∞–ø—Ä–æ—Å–∞ parcels.su 
 
 
23-05-2012, 00:02:52 –ø–∏—Å—å–º–æ –æ—Ç–ø—Ä–∞–≤–ª–µ–Ω–æ –Ω–∞ info@parcels.su 
–° IP-–∞–¥—Ä–µ—Å–∞ 188.123.241.13 —Å–æ —Å—Ç—Ä–∞–Ω–∏—Ü—ã http://www.parcels.su/ 
–¢–µ–∫—Å—Ç –ø–∏—Å—å–º–∞: 
–û—Ç: –ú–∞–∫—Å–∏–º <dimitrovmv@gmail.com> 
9264726490 
 
–û–ø–∏—Å–∞–Ω–∏–µ –≥—Ä—É–∑–∞:   –æ–¥–µ–∂–¥–∞  
–°—Ç–æ–∏–º–æ—Å—Ç—å –≥—Ä—É–∑–∞ –≤ –≤–∞–ª—é—Ç–µ:   1000 
–û–±—â–∏–π –≤–µ—Å (–∫–≥):   100 
–û–±—â–∏–π –æ–±—ä–µ–º (–º≥):   1 
–°—Ç—Ä–∞–Ω–∞ –∏ –≥–æ—Ä–æ–¥ –æ—Ç–ø—Ä–∞–≤–ª–µ–Ω–∏—è:   –ö–∏—Ç–∞–π SUZHOU 
–°—Ç—Ä–∞–Ω–∞ –∏ –≥–æ—Ä–æ–¥ –Ω–∞–∑–Ω–∞—á–µ–Ω–∏—è:   –†–æ—Å—Å–∏—è, –ú—Å–æ–∫–≤–∞ 
–¢—Ä–µ–±—É—é—â–∏–µ—Å—è —É—Å–ª—É–≥–∏:   –î–æ—Å—Ç–∞–≤–∫–∞ –∏ —Ç–∞–º–æ–∂–µ–Ω–Ω–∞—è –æ—á–∏—Å—Ç–∫–∞ 
 
--–û—Ç–ø—Ä–∞–≤–ª–µ–Ω–æ —á–µ—Ä–µ–∑ —Ñ–æ—Ä–º—É –∑–∞–ø—Ä–æ—Å–∞ parcels.su 
 
 
23-05-2012, 09:06:24 –ø–∏—Å—å–º–æ –æ—Ç–ø—Ä–∞–≤–ª–µ–Ω–æ –Ω–∞ info@parcels.su 
–° IP-–∞–¥—Ä–µ—Å–∞ 212.48.143.225 —Å–æ —Å—Ç—Ä–∞–Ω–∏—Ü—ã http://www.parcels.su/customs 
–¢–µ–∫—Å—Ç –ø–∏—Å—å–º–∞: 
–û—Ç: –†–æ–º–∞–Ω <begov@yandex.ru> 
8-903-592-58-97 
 
–û–ø–∏—Å–∞–Ω–∏–µ –≥—Ä—É–∑–∞:   –ë–∏–º–µ—Ç–∞–ª–ª–∏—á–µ—Å–∫–æ–µ (–õ–µ–Ω—Ç–æ—á–Ω–æ–µ –ø–æ–ª–æ—Ç–Ω–æ) –∏–Ω—Å—Ç—Ä—É–º–µ–Ω—Ç –¥–ª—è —Å—Ç–∞–Ω–∫–∞  
–°—Ç–æ–∏–º–æ—Å—Ç—å –≥—Ä—É–∑–∞ –≤ –≤–∞–ª—é—Ç–µ:   300 –¥–æ–ª–ª–∞—Ä–æ–≤ 
–ö–æ–ª–∏—á–µ—Å—Ç–≤–æ –∏ –≥–∞–±–∞—Ä–∏—Ç—ã –∫–æ—Ä–æ–±–æ–∫:   –∫–æ—Ä–æ–±–∫–∞ 500—Ö500 –º–º —Ö50 –º–º - 1 —à—Ç. 
–û–±—â–∏–π –≤–µ—Å (–∫–≥):   20 –∫–≥ 
–û–±—â–∏–π –æ–±—ä–µ–º (–º≥):   0,0125 
–°—Ç—Ä–∞–Ω–∞ –∏ –≥–æ—Ä–æ–¥ –æ—Ç–ø—Ä–∞–≤–ª–µ–Ω–∏—è:   –ö–∏—Ç–∞–π –®–∞–Ω—å—Ç–æ—É 
–°—Ç—Ä–∞–Ω–∞ –∏ –≥–æ—Ä–æ–¥ –Ω–∞–∑–Ω–∞—á–µ–Ω–∏—è:   –†–æ—Å—Å–∏—è –ú–æ—Å–∫–≤–∞ 
–¢—Ä–µ–±—É—é—â–∏–µ—Å—è —É—Å–ª—É–≥–∏:   –¥–æ—Å—Ç–∞–≤–∫–∞ –¥–æ –º–æ—Å–∫–≤—ã –∏ —Ç–∞–º–æ–∂–µ–Ω–Ω–æ–µ –æ—Ñ–æ—Ä–º–ª–µ–Ω–∏–µ  
 
--–û—Ç–ø—Ä–∞–≤–ª–µ–Ω–æ —á–µ—Ä–µ–∑ —Ñ–æ—Ä–º—É –∑–∞–ø—Ä–æ—Å–∞ parcels.su 
 
 
29-05-2012, 20:22:08 –ø–∏—Å—å–º–æ –æ—Ç–ø—Ä–∞–≤–ª–µ–Ω–æ –Ω–∞ info@parcels.su 
–° IP-–∞–¥—Ä–µ—Å–∞ 77.66.144.218 —Å–æ —Å—Ç—Ä–∞–Ω–∏—Ü—ã http://www.parcels.su/contacts 
–¢–µ–∫—Å—Ç –ø–∏—Å—å–º–∞: 
–û—Ç: –ö—É—Ç—É–∑–æ–≤–∞ –æ–∫—Å–∞–Ω–∞ <2toylab@gmail.com> 
89034866677 
 
–û–ø–∏—Å–∞–Ω–∏–µ –≥—Ä—É–∑–∞:   –û–±—É–≤—å 
–°—Ç–æ–∏–º–æ—Å—Ç—å –≥—Ä—É–∑–∞ –≤ –≤–∞–ª—é—Ç–µ:   4500 USD 
–ö–æ–ª–∏—á–µ—Å—Ç–≤–æ –∏ –≥–∞–±–∞—Ä–∏—Ç—ã –∫–æ—Ä–æ–±–æ–∫:   30 —É–ø–∞–∫–æ–≤–æ–∫ (–º—è–≥–∫–∏–µ –ø–∞–∫–µ—Ç—ã) 
–û–±—â–∏–π –≤–µ—Å (–∫–≥):   9-10–∫–≥ 
–û–±—â–∏–π –æ–±—ä–µ–º (–º≥):   –Ω–µ –º–æ–≥—É –æ–ø—Ä–µ–¥–µ–ª–∏—Ç—å 
–°—Ç—Ä–∞–Ω–∞ –∏ –≥–æ—Ä–æ–¥ –æ—Ç–ø—Ä–∞–≤–ª–µ–Ω–∏—è:   –¢—É—Ä—Ü–∏—è, –°—Ç–∞–º–±—É–ª 
–°—Ç—Ä–∞–Ω–∞ –∏ –≥–æ—Ä–æ–¥ –Ω–∞–∑–Ω–∞—á–µ–Ω–∏—è:   –†–æ—Å—Å–∏—è, –†–æ—Å—Ç–æ–≤-–Ω–∞-–î–æ–Ω—É 
–¢—Ä–µ–±—É—é—â–∏–µ—Å—è —É—Å–ª—É–≥–∏:   –ø–æ–ª–Ω—ã–π –∫–æ–º–ø–ª–µ–∫—Å —É—Å–ª—É–≥ –ø–æ –¥–æ—Å—Ç–∞–≤–∫–µ –º–µ–ª–∫–æ–æ–ø—Ç–æ–≤–æ–π –ø–∞—Ä—Ç–∏–∏ –æ–±—É–≤–∏ 
 
--–û—Ç–ø—Ä–∞–≤–ª–µ–Ω–æ —á–µ—Ä–µ–∑ —Ñ–æ—Ä–º—É –∑–∞–ø—Ä–æ—Å–∞ parcels.su 
 
 
30-05-2012, 14:04:42 –ø–∏—Å—å–º–æ –æ—Ç–ø—Ä–∞–≤–ª–µ–Ω–æ –Ω–∞ info@parcels.su 
–° IP-–∞–¥—Ä–µ—Å–∞ 176.214.105.188 —Å–æ —Å—Ç—Ä–∞–Ω–∏—Ü—ã http://www.parcels.su/ 
–¢–µ–∫—Å—Ç –ø–∏—Å—å–º–∞: 
–û—Ç: –ï–≤–≥–µ–Ω–∏—è <evg.efimova@gmail.com> 
79859942893 
 
–û–ø–∏—Å–∞–Ω–∏–µ –≥—Ä—É–∑–∞:   –ø—Ä–æ–µ–∫—Ü–∏–æ–Ω–Ω–æ–µ –æ–±–æ—Ä—É–¥–æ–≤–∞–Ω–∏–µ 
–°—Ç–æ–∏–º–æ—Å—Ç—å –≥—Ä—É–∑–∞ –≤ –≤–∞–ª—é—Ç–µ:   1000 $ 
–ö–æ–ª–∏—á–µ—Å—Ç–≤–æ –∏ –≥–∞–±–∞—Ä–∏—Ç—ã –∫–æ—Ä–æ–±–æ–∫:   4 –∫–æ—Ä–æ–±–∫–∏-–∫–æ—Ñ—Ä–∞ —Ä–∞–∑–º–µ—Ä—ã: 228.6cm x 19cm x 20.3 68.6cm x 25.4xm x 44.5cm 78.7cm x 34.3cm x 63.5cm 86.4cm x 55.9cm x 61cm 
–û–±—â–∏–π –≤–µ—Å (–∫–≥):   142 
–û–±—â–∏–π –æ–±—ä–µ–º (–º≥):   0,64 
–°—Ç—Ä–∞–Ω–∞ –∏ –≥–æ—Ä–æ–¥ –æ—Ç–ø—Ä–∞–≤–ª–µ–Ω–∏—è:   –ö–∏–µ–≤ 
–°—Ç—Ä–∞–Ω–∞ –∏ –≥–æ—Ä–æ–¥ –Ω–∞–∑–Ω–∞—á–µ–Ω–∏—è:   –ú–æ—Å–∫–≤–∞ 
–¢—Ä–µ–±—É—é—â–∏–µ—Å—è —É—Å–ª—É–≥–∏:   –¥–æ—Å—Ç–∞–≤–∫–∞ –∏ —Ç–∞–º–æ–∂–µ–Ω–Ω–æ–µ –æ—Ñ–æ—Ä–º–ª–µ–Ω–∏–µ 
 
--–û—Ç–ø—Ä–∞–≤–ª–µ–Ω–æ —á–µ—Ä–µ–∑ —Ñ–æ—Ä–º—É –∑–∞–ø—Ä–æ—Å–∞ parcels.su 
 
 
31-05-2012, 13:27:18 –ø–∏—Å—å–º–æ –æ—Ç–ø—Ä–∞–≤–ª–µ–Ω–æ –Ω–∞ info@parcels.su 
–° IP-–∞–¥—Ä–µ—Å–∞ 94.241.53.109 —Å–æ —Å—Ç—Ä–∞–Ω–∏—Ü—ã http://www.parcels.su/ 
–¢–µ–∫—Å—Ç –ø–∏—Å—å–º–∞: 
–û—Ç: –Ω—É—Ä–ª–∞–Ω <nursur@mail.ru> 
89201636161 
 
–û–ø–∏—Å–∞–Ω–∏–µ –≥—Ä—É–∑–∞:   –º–æ–±–∏–ª—å–Ω—ã–π —Ç–µ–ª–µ—Ñ–æ–Ω 
–°—Ç–æ–∏–º–æ—Å—Ç—å –≥—Ä—É–∑–∞ –≤ –≤–∞–ª—é—Ç–µ:   –¥–æ 500 –µ–≤—Ä–æ 
–ö–æ–ª–∏—á–µ—Å—Ç–≤–æ –∏ –≥–∞–±–∞—Ä–∏—Ç—ã –∫–æ—Ä–æ–±–æ–∫:   1 —à—Ç—É–∫–∞ 
–û–±—â–∏–π –≤–µ—Å (–∫–≥):   –¥–æ 2 –∫–≥ 
–°—Ç—Ä–∞–Ω–∞ –∏ –≥–æ—Ä–æ–¥ –æ—Ç–ø—Ä–∞–≤–ª–µ–Ω–∏—è:   –≠—Å—Å–µ–Ω, –ì–µ—Ä–º–∞–Ω–∏—è 
–°—Ç—Ä–∞–Ω–∞ –∏ –≥–æ—Ä–æ–¥ –Ω–∞–∑–Ω–∞—á–µ–Ω–∏—è:   –ö—Ä–∞—Å–Ω–æ–¥–∞—Ä—Å–∫–∏–π –∫—Ä–∞–π, –†–æ—Å—Å–∏—è 
–¢—Ä–µ–±—É—é—â–∏–µ—Å—è —É—Å–ª—É–≥–∏:   —Å—Ä–æ—á–Ω–æ –¥–æ—Å—Ç–∞–≤–∏—Ç—å –ø–æ—Å—ã–ª–∫—É 
 
--–û—Ç–ø—Ä–∞–≤–ª–µ–Ω–æ —á–µ—Ä–µ–∑ —Ñ–æ—Ä–º—É –∑–∞–ø—Ä–æ—Å–∞ parcels.su 
 
 
31-05-2012, 19:01:24 –ø–∏—Å—å–º–æ –æ—Ç–ø—Ä–∞–≤–ª–µ–Ω–æ –Ω–∞ info@parcels.su 
–° IP-–∞–¥—Ä–µ—Å–∞ 2.95.124.31 —Å–æ —Å—Ç—Ä–∞–Ω–∏—Ü—ã http://www.parcels.su/ 
–¢–µ–∫—Å—Ç –ø–∏—Å—å–º–∞: 
–û—Ç: –ê–ª–µ–∫—Å–∞–Ω–¥—Ä <aleksandr1040@mail.ru> 
+79879399627 
 
–û–ø–∏—Å–∞–Ω–∏–µ –≥—Ä—É–∑–∞:   –õ–∞–º–ø–∞ led 
–°—Ç–æ–∏–º–æ—Å—Ç—å –≥—Ä—É–∑–∞ –≤ –≤–∞–ª—é—Ç–µ:   9600 —é–∞–Ω–µ–π 
–ö–æ–ª–∏—á–µ—Å—Ç–≤–æ –∏ –≥–∞–±–∞—Ä–∏—Ç—ã –∫–æ—Ä–æ–±–æ–∫:   2—à—Ç 55*43*36 
–û–±—â–∏–π –≤–µ—Å (–∫–≥):   26 
–û–±—â–∏–π –æ–±—ä–µ–º (–º≥):   0,17 
–°—Ç—Ä–∞–Ω–∞ –∏ –≥–æ—Ä–æ–¥ –æ—Ç–ø—Ä–∞–≤–ª–µ–Ω–∏—è:   –ö–∏—Ç–∞–π, –ü–µ–∫–∏–Ω 
–°—Ç—Ä–∞–Ω–∞ –∏ –≥–æ—Ä–æ–¥ –Ω–∞–∑–Ω–∞—á–µ–Ω–∏—è:   –†–æ—Å—Å–∏—è, –¢–æ–ª—å—è—Ç—Ç–∏ 
–¢—Ä–µ–±—É—é—â–∏–µ—Å—è —É—Å–ª—É–≥–∏:   –î–æ—Å—Ç–∞–≤–∫–∞ 
 
--–û—Ç–ø—Ä–∞–≤–ª–µ–Ω–æ —á–µ—Ä–µ–∑ —Ñ–æ—Ä–º—É –∑–∞–ø—Ä–æ—Å–∞ parcels.su 
 
 
07-06-2012, 04:58:16 –ø–∏—Å—å–º–æ –æ—Ç–ø—Ä–∞–≤–ª–µ–Ω–æ –Ω–∞ info@parcels.su 
–° IP-–∞–¥—Ä–µ—Å–∞ 91.76.69.8 —Å–æ —Å—Ç—Ä–∞–Ω–∏—Ü—ã http://www.parcels.su/contacts 
–¢–µ–∫—Å—Ç –ø–∏—Å—å–º–∞: 
–û—Ç: archibaldutkgcf <archibald_cocke03@rambler.ru> 
123456 
 
–û–ø–∏—Å–∞–Ω–∏–µ –≥—Ä—É–∑–∞:   –ó–¥—Ä–∞–≤—Å—Ç–≤—É–π—Ç–µ! 
–û—Ñ–∏—Ü–∏–∞–ª—å–Ω–æ –ø–æ –¥–æ–≥–æ–≤–æ—Ä—É —Å–¥–µ–ª–∞–µ–º –Ω–∞ —á–∞—Å—Ç–Ω—ã—Ö –ª–∏—Ü –∏ —Å–æ—Ç—Ä—É–¥–Ω–∏–∫–æ–≤ –ø—Ä–µ–¥–ø—Ä–∏—è—Ç–∏–π –∫–∞—Ä—Ç–æ—á–∫–∏ –º–µ—Ç—Ä–æ –≤ —Å–µ—Ç—å –Ω–µ–º–µ—Ü–∫–∏—Ö —Å—É–ø–µ—Ä–º–∞—Ä–∫–µ—Ç–æ–≤ Metro cash&Carry:–ø—Ä–æ–ø—É—Å–∫ –≤ –º–µ—Çr–æ —Å –≤–∞—à–µ–π —Ñ–æ—Ç–æ–≥—Ä–∞—Ñ–∏–µ–π(–¥–µ–ª–∞–µ—Ç—Å—è –ø—Ä–∏ –≤–∞—Å –≤ —Å–∞–º–æ–º –º–∞–≥–∞–∑–∏–Ω–µ –ú–µ—Ç—Ä–æ –ö—ç—à —ç–Ω–¥ –ö–µ—Ä—Ä–∏),—Å –ª–∏—á–Ω—ã–º –Ω–æ–º–µ—Ä 
 
--–û—Ç–ø—Ä–∞–≤–ª–µ–Ω–æ —á–µ—Ä–µ–∑ —Ñ–æ—Ä–º—É –∑–∞–ø—Ä–æ—Å–∞ parcels.su 
 
 
09-06-2012, 10:36:32 –ø–∏—Å—å–º–æ –æ—Ç–ø—Ä–∞–≤–ª–µ–Ω–æ –Ω–∞ info@parcels.su 
–° IP-–∞–¥—Ä–µ—Å–∞ 46.146.230.33 —Å–æ —Å—Ç—Ä–∞–Ω–∏—Ü—ã http://www.parcels.su/ 
–¢–µ–∫—Å—Ç –ø–∏—Å—å–º–∞: 
–û—Ç: –°–µ—Ä–≥–µ–π <serge_perm@rambler.ru> 
89128868138 
 
–û–ø–∏—Å–∞–Ω–∏–µ –≥—Ä—É–∑–∞:   –±–∞–Ω–¥–µ—Ä–æ–ª—å 
–°—Ç–æ–∏–º–æ—Å—Ç—å –≥—Ä—É–∑–∞ –≤ –≤–∞–ª—é—Ç–µ:   80 
–ö–æ–ª–∏—á–µ—Å—Ç–≤–æ –∏ –≥–∞–±–∞—Ä–∏—Ç—ã –∫–æ—Ä–æ–±–æ–∫:   1 
–û–±—â–∏–π –≤–µ—Å (–∫–≥):   0,8 
–°—Ç—Ä–∞–Ω–∞ –∏ –≥–æ—Ä–æ–¥ –æ—Ç–ø—Ä–∞–≤–ª–µ–Ω–∏—è:   –†–æ—Å—Å–∏—è –ü–µ—Ä–º—å 
–°—Ç—Ä–∞–Ω–∞ –∏ –≥–æ—Ä–æ–¥ –Ω–∞–∑–Ω–∞—á–µ–Ω–∏—è:   –ö–∏—Ç–∞–π –ì–æ–Ω–∫–æ–Ω–≥ 
–¢—Ä–µ–±—É—é—â–∏–µ—Å—è —É—Å–ª—É–≥–∏:   –¥–æ—Å—Ç–∞–≤–∫–∞ 
 
--–û—Ç–ø—Ä–∞–≤–ª–µ–Ω–æ —á–µ—Ä–µ–∑ —Ñ–æ—Ä–º—É –∑–∞–ø—Ä–æ—Å–∞ parcels.su 
 
 
11-06-2012, 18:25:14 –ø–∏—Å—å–º–æ –æ—Ç–ø—Ä–∞–≤–ª–µ–Ω–æ –Ω–∞ info@parcels.su 
–° IP-–∞–¥—Ä–µ—Å–∞ 37.144.89.141 —Å–æ —Å—Ç—Ä–∞–Ω–∏—Ü—ã http://www.parcels.su/geography/china 
–¢–µ–∫—Å—Ç –ø–∏—Å—å–º–∞: 
–û—Ç: –§—Ä–æ–ª–æ–≤–∞ –ï–ª–µ–Ω–∞ <elena.f.mail@yandex.ru> 
+79215771202 
 
–û–ø–∏—Å–∞–Ω–∏–µ –≥—Ä—É–∑–∞:   –ø–ª–∞—Å—Ç–∏–∫–æ–≤—ã–µ –ª–∏–Ω–∑—ã 
–°—Ç–æ–∏–º–æ—Å—Ç—å –≥—Ä—É–∑–∞ –≤ –≤–∞–ª—é—Ç–µ:   600 USD 
–ö–æ–ª–∏—á–µ—Å—Ç–≤–æ –∏ –≥–∞–±–∞—Ä–∏—Ç—ã –∫–æ—Ä–æ–±–æ–∫:   4 –∫–æ—Ä–æ–±–∫–∏ 50*38*17 —Å–º 
–û–±—â–∏–π –≤–µ—Å (–∫–≥):   32 
–û–±—â–∏–π –æ–±—ä–µ–º (–º≥):   0,13 
–°—Ç—Ä–∞–Ω–∞ –∏ –≥–æ—Ä–æ–¥ –æ—Ç–ø—Ä–∞–≤–ª–µ–Ω–∏—è:   –ö–∏—Ç–∞–π –®–µ–Ω—å–∂–µ–Ω—å(Shenzen) 
–°—Ç—Ä–∞–Ω–∞ –∏ –≥–æ—Ä–æ–¥ –Ω–∞–∑–Ω–∞—á–µ–Ω–∏—è:   –†–æ—Å—Å–∏—è, –°–∞–Ω–∫—Ç-–ü–µ—Ç–µ—Ä–±—É—Ä–≥ 
–¢—Ä–µ–±—É—é—â–∏–µ—Å—è —É—Å–ª—É–≥–∏:   –¥–æ—Å—Ç–∞–≤–∫–∞ —Ñ–∏–∑–∏—á–µ—Å–∫–æ–º—É –ª–∏—Ü—É, —Ä–∞—Å—Ç–∞–º–æ–∂–∫–∞ –≥—Ä—É–∑–∞ 
 
--–û—Ç–ø—Ä–∞–≤–ª–µ–Ω–æ —á–µ—Ä–µ–∑ —Ñ–æ—Ä–º—É –∑–∞–ø—Ä–æ—Å–∞ parcels.su 
 
 
12-06-2012, 06:32:51 –ø–∏—Å—å–º–æ –æ—Ç–ø—Ä–∞–≤–ª–µ–Ω–æ –Ω–∞ info@parcels.su 
–° IP-–∞–¥—Ä–µ—Å–∞ 68.199.53.168 —Å–æ —Å—Ç—Ä–∞–Ω–∏—Ü—ã http://www.parcels.su/customs 
–¢–µ–∫—Å—Ç –ø–∏—Å—å–º–∞: 
–û—Ç: –ê–ª–µ–∫—Å–∞–Ω–¥—Ä –ú–∞–Ω—Ö–∞–µ–≤ <a.mankhaev@gmail.com> 
nil 
 
–û–ø–∏—Å–∞–Ω–∏–µ –≥—Ä—É–∑–∞:   –ê–≤–æ—Ç–∑–∞–ø—á–∞—Å—Ç–∏ –Ω–æ–≤—ã–µ —Å—É–±–∞—Ä—É 
–°—Ç–æ–∏–º–æ—Å—Ç—å –≥—Ä—É–∑–∞ –≤ –≤–∞–ª—é—Ç–µ:   10000 –¥–æ–ª–ª 
–ö–æ–ª–∏—á–µ—Å—Ç–≤–æ –∏ –≥–∞–±–∞—Ä–∏—Ç—ã –∫–æ—Ä–æ–±–æ–∫:   20 –∫–æ—Ä–æ–±–æ–∫ 
–û–±—â–∏–π –≤–µ—Å (–∫–≥):   100 
–°—Ç—Ä–∞–Ω–∞ –∏ –≥–æ—Ä–æ–¥ –æ—Ç–ø—Ä–∞–≤–ª–µ–Ω–∏—è:   –°–®–ê, –û–ª–¥ –ë—Ä–∏–¥–∂ 
–°—Ç—Ä–∞–Ω–∞ –∏ –≥–æ—Ä–æ–¥ –Ω–∞–∑–Ω–∞—á–µ–Ω–∏—è:   –†–æ—Å—Å–∏—è, –°–ü–ë 
–¢—Ä–µ–±—É—é—â–∏–µ—Å—è —É—Å–ª—É–≥–∏:   –¥–æ—Å—Ç–∞–≤–∫–∞, —Ä–∞—Å—Ç–∞–º–æ–∂–∫–∞ 
 
--–û—Ç–ø—Ä–∞–≤–ª–µ–Ω–æ —á–µ—Ä–µ–∑ —Ñ–æ—Ä–º—É –∑–∞–ø—Ä–æ—Å–∞ parcels.su 
 
 
17-06-2012, 15:07:18 –ø–∏—Å—å–º–æ –æ—Ç–ø—Ä–∞–≤–ª–µ–Ω–æ –Ω–∞ info@parcels.su 
–° IP-–∞–¥—Ä–µ—Å–∞ 217.66.146.219 —Å–æ —Å—Ç—Ä–∞–Ω–∏—Ü—ã http://www.parcels.su/ 
–¢–µ–∫—Å—Ç –ø–∏—Å—å–º–∞: 
–û—Ç: –°–µ—Ä–≥–µ–π. <sergeysoldatov@gmail.com> 
+79219414665 
 
–û–ø–∏—Å–∞–Ω–∏–µ –≥—Ä—É–∑–∞:   –ï–∑–¥–æ–≤–æ–µ —Å–Ω–∞—Ä—è–∂–µ–Ω–∏–µ –¥–ª—è —Å–æ–±–∞–∫ 
–°—Ç–æ–∏–º–æ—Å—Ç—å –≥—Ä—É–∑–∞ –≤ –≤–∞–ª—é—Ç–µ:   1300 USD 
–ö–æ–ª–∏—á–µ—Å—Ç–≤–æ –∏ –≥–∞–±–∞—Ä–∏—Ç—ã –∫–æ—Ä–æ–±–æ–∫:   1 –∫–æ—Ä–æ–±–∫–∞ 51x51x31 
–û–±—â–∏–π –≤–µ—Å (–∫–≥):   10 
–û–±—â–∏–π –æ–±—ä–µ–º (–º≥):   0,08 
–°—Ç—Ä–∞–Ω–∞ –∏ –≥–æ—Ä–æ–¥ –æ—Ç–ø—Ä–∞–≤–ª–µ–Ω–∏—è:   USA Fairbanks, AK 
–°—Ç—Ä–∞–Ω–∞ –∏ –≥–æ—Ä–æ–¥ –Ω–∞–∑–Ω–∞—á–µ–Ω–∏—è:   –†–æ—Å—Å–∏—è –°–ø–± –∏–ª–∏ –ú–æ—Å–∫–≤–∞ 
–¢—Ä–µ–±—É—é—â–∏–µ—Å—è —É—Å–ª—É–≥–∏:   –¥–æ—Å—Ç–∞–≤–∫–∞ + —Ä–∞—Å—Ç–∞–º–æ–∂–∫–∞ 
 
--–û—Ç–ø—Ä–∞–≤–ª–µ–Ω–æ —á–µ—Ä–µ–∑ —Ñ–æ—Ä–º—É –∑–∞–ø—Ä–æ—Å–∞ parcels.su 
 
 
17-06-2012, 23:03:49 –ø–∏—Å—å–º–æ –æ—Ç–ø—Ä–∞–≤–ª–µ–Ω–æ –Ω–∞ leemour@gmail.com 
–° IP-–∞–¥—Ä–µ—Å–∞ 93.80.230.208 —Å–æ —Å—Ç—Ä–∞–Ω–∏—Ü—ã http://www.parcels.su/request 
–¢–µ–∫—Å—Ç –ø–∏—Å—å–º–∞: 
–û—Ç: —Å–µ—Ä–≥–µ–π <asda@mail.ru> 
–≤–≤ 
 
–û–ø–∏—Å–∞–Ω–∏–µ –≥—Ä—É–∑–∞:   awd 
–°—Ç–æ–∏–º–æ—Å—Ç—å –≥—Ä—É–∑–∞ –≤ –≤–∞–ª—é—Ç–µ:   —ã–≤–∞ 
–ö–æ–ª–∏—á–µ—Å—Ç–≤–æ –∏ –≥–∞–±–∞—Ä–∏—Ç—ã –∫–æ—Ä–æ–±–æ–∫:   —ã–≤–∞—ã–≤–∞—ã–≤ 
–û–±—â–∏–π –≤–µ—Å (–∫–≥):   –≤–∞–≤—ã 
–û–±—â–∏–π –æ–±—ä–µ–º (–º≥):   –æ–±—ä–µ–º 
–°—Ç—Ä–∞–Ω–∞ –∏ –≥–æ—Ä–æ–¥ –æ—Ç–ø—Ä–∞–≤–ª–µ–Ω–∏—è:   –ª–∞–ª 
 
--–û—Ç–ø—Ä–∞–≤–ª–µ–Ω–æ —á–µ—Ä–µ–∑ —Ñ–æ—Ä–º—É –∑–∞–ø—Ä–æ—Å–∞ parcels.su 
 
 
17-06-2012, 23:10:35 –ø–∏—Å—å–º–æ –æ—Ç–ø—Ä–∞–≤–ª–µ–Ω–æ –Ω–∞ leemour@gmail.com 
–° IP-–∞–¥—Ä–µ—Å–∞ 93.80.230.208 —Å–æ —Å—Ç—Ä–∞–Ω–∏—Ü—ã http://www.parcels.su/ 
–¢–µ–∫—Å—Ç –ø–∏—Å—å–º–∞: 
–û—Ç: –ö–ª–∏–µ–Ω—Ç —Å Parcels.su <leemour@gmail.com> 
 
 
–û–ø–∏—Å–∞–Ω–∏–µ –≥—Ä—É–∑–∞:   —ã–≤–∞ 
–°—Ç–æ–∏–º–æ—Å—Ç—å –≥—Ä—É–∑–∞ –≤ –≤–∞–ª—é—Ç–µ:   —ã–≤–∞—ã–≤ 
–ö–æ–ª–∏—á–µ—Å—Ç–≤–æ –∏ –≥–∞–±–∞—Ä–∏—Ç—ã –∫–æ—Ä–æ–±–æ–∫:   —ã–≤–∞—ã–≤ 
 
--–û—Ç–ø—Ä–∞–≤–ª–µ–Ω–æ —á–µ—Ä–µ–∑ —Ñ–æ—Ä–º—É –∑–∞–ø—Ä–æ—Å–∞ parcels.su 
 
 
17-06-2012, 23:19:42 –ø–∏—Å—å–º–æ –æ—Ç–ø—Ä–∞–≤–ª–µ–Ω–æ –Ω–∞ leemour@gmail.com 
–° IP-–∞–¥—Ä–µ—Å–∞ 93.80.230.208 —Å–æ —Å—Ç—Ä–∞–Ω–∏—Ü—ã http://www.parcels.su/ 
–¢–µ–∫—Å—Ç –ø–∏—Å—å–º–∞: 
–û—Ç: –ö–ª–∏–µ–Ω—Ç —Å Parcels.su <serga.74@list.ru> 
 
 
–û–ø–∏—Å–∞–Ω–∏–µ –≥—Ä—É–∑–∞:   –æ–¥–µ–∂–¥–∞ 
–°—Ç–æ–∏–º–æ—Å—Ç—å –≥—Ä—É–∑–∞ –≤ –≤–∞–ª—é—Ç–µ:   500000 –º–∏–ª–ª–∏–æ–Ω —é–∞–Ω–µ–π 
 
--–û—Ç–ø—Ä–∞–≤–ª–µ–Ω–æ —á–µ—Ä–µ–∑ —Ñ–æ—Ä–º—É –∑–∞–ø—Ä–æ—Å–∞ parcels.su 
 
 
17-06-2012, 23:29:55 –ø–∏—Å—å–º–æ –æ—Ç–ø—Ä–∞–≤–ª–µ–Ω–æ –Ω–∞ leemour@gmail.com 
–° IP-–∞–¥—Ä–µ—Å–∞ 93.80.230.208 —Å–æ —Å—Ç—Ä–∞–Ω–∏—Ü—ã  
–¢–µ–∫—Å—Ç –ø–∏—Å—å–º–∞: 
–û—Ç: —Å–µ—Ä–≥–µ–π <serga.74@list.ru> 
 
 
–û–ø–∏—Å–∞–Ω–∏–µ –≥—Ä—É–∑–∞:   –æ–¥–µ–∂–¥–∞ 
–°—Ç–æ–∏–º–æ—Å—Ç—å –≥—Ä—É–∑–∞ –≤ –≤–∞–ª—é—Ç–µ:   500000 –º–∏–ª–ª–∏–æ–Ω —é–∞–Ω–µ–π 
 
--–û—Ç–ø—Ä–∞–≤–ª–µ–Ω–æ —á–µ—Ä–µ–∑ —Ñ–æ—Ä–º—É –∑–∞–ø—Ä–æ—Å–∞ parcels.su 
 
 
17-06-2012, 23:33:26 –ø–∏—Å—å–º–æ –æ—Ç–ø—Ä–∞–≤–ª–µ–Ω–æ –Ω–∞ leemour@gmail.com 
–° IP-–∞–¥—Ä–µ—Å–∞ 93.80.230.208 —Å–æ —Å—Ç—Ä–∞–Ω–∏—Ü—ã  
–¢–µ–∫—Å—Ç –ø–∏—Å—å–º–∞: 
–û—Ç: –°–µ—Ä–≥–µ–π –∏–ª–∏ –ê–ª–µ–∫—Å–∞–Ω–¥—Ä–∞ <serga.74@list.ru> 
 
 
–û–ø–∏—Å–∞–Ω–∏–µ –≥—Ä—É–∑–∞:   –°–∫–ª–∞–¥–Ω—ã–µ —Å—Ç—É–ª—å—è. 
 
--–û—Ç–ø—Ä–∞–≤–ª–µ–Ω–æ —á–µ—Ä–µ–∑ —Ñ–æ—Ä–º—É –∑–∞–ø—Ä–æ—Å–∞ parcels.su 
 
 
17-06-2012, 23:37:24 –ø–∏—Å—å–º–æ –æ—Ç–ø—Ä–∞–≤–ª–µ–Ω–æ –Ω–∞ leemour@gmail.com 
–° IP-–∞–¥—Ä–µ—Å–∞ 93.80.230.208 —Å–æ —Å—Ç—Ä–∞–Ω–∏—Ü—ã http://www.parcels.su/ 
–¢–µ–∫—Å—Ç –ø–∏—Å—å–º–∞: 
–û—Ç: —Å–µ—Ä–≥–µ–π <serga.74@list.ru> 
 
 
–û–ø–∏—Å–∞–Ω–∏–µ –≥—Ä—É–∑–∞:   –æ–¥–µ–∂–¥–∞ 
 
--–û—Ç–ø—Ä–∞–≤–ª–µ–Ω–æ —á–µ—Ä–µ–∑ —Ñ–æ—Ä–º—É –∑–∞–ø—Ä–æ—Å–∞ parcels.su 
 
 
17-06-2012, 23:40:50 –ø–∏—Å—å–º–æ –æ—Ç–ø—Ä–∞–≤–ª–µ–Ω–æ –Ω–∞ leemour@gmail.com 
–° IP-–∞–¥—Ä–µ—Å–∞ 93.80.230.208 —Å–æ —Å—Ç—Ä–∞–Ω–∏—Ü—ã http://www.parcels.su/ 
–¢–µ–∫—Å—Ç –ø–∏—Å—å–º–∞: 
–û—Ç: –ö–ª–∏–µ–Ω—Ç —Å Parcels.su <serga.74@list.ru> 
 
 
–û–ø–∏—Å–∞–Ω–∏–µ –≥—Ä—É–∑–∞:   –æ–¥–µ–∂–¥–∞ 
–°—Ç—Ä–∞–Ω–∞ –∏ –≥–æ—Ä–æ–¥ –Ω–∞–∑–Ω–∞—á–µ–Ω–∏—è:   —Ä–æ—Å—Å–∏—è —Å–∞—Ä–∞–ø—É–ª 
–¢—Ä–µ–±—É—é—â–∏–µ—Å—è —É—Å–ª—É–≥–∏:   customs services 
 
--–û—Ç–ø—Ä–∞–≤–ª–µ–Ω–æ —á–µ—Ä–µ–∑ —Ñ–æ—Ä–º—É –∑–∞–ø—Ä–æ—Å–∞ parcels.su 
 
 
17-06-2012, 23:41:35 –ø–∏—Å—å–º–æ –æ—Ç–ø—Ä–∞–≤–ª–µ–Ω–æ –Ω–∞ leemour@gmail.com 
–° IP-–∞–¥—Ä–µ—Å–∞ 93.80.230.208 —Å–æ —Å—Ç—Ä–∞–Ω–∏—Ü—ã http://www.parcels.su/ 
–¢–µ–∫—Å—Ç –ø–∏—Å—å–º–∞: 
–û—Ç: –ö–ª–∏–µ–Ω—Ç —Å Parcels.su <serga.74@list.ru> 
 
 
–û–ø–∏—Å–∞–Ω–∏–µ –≥—Ä—É–∑–∞:   –æ–¥–µ–∂–¥–∞ 
–°—Ç—Ä–∞–Ω–∞ –∏ –≥–æ—Ä–æ–¥ –Ω–∞–∑–Ω–∞—á–µ–Ω–∏—è:   —Ä–æ—Å—Å–∏—è —Å–∞—Ä–∞–ø—É–ª 
–¢—Ä–µ–±—É—é—â–∏–µ—Å—è —É—Å–ª—É–≥–∏:   customs services 
 
--–û—Ç–ø—Ä–∞–≤–ª–µ–Ω–æ —á–µ—Ä–µ–∑ —Ñ–æ—Ä–º—É –∑–∞–ø—Ä–æ—Å–∞ parcels.su 
 
 
18-06-2012, 10:02:26 –ø–∏—Å—å–º–æ –æ—Ç–ø—Ä–∞–≤–ª–µ–Ω–æ –Ω–∞ leemour@gmail.com 
–° IP-–∞–¥—Ä–µ—Å–∞ 93.80.230.208 —Å–æ —Å—Ç—Ä–∞–Ω–∏—Ü—ã http://www.parcels.su/ 
–¢–µ–∫—Å—Ç –ø–∏—Å—å–º–∞: 
–û—Ç: –ö–ª–∏–µ–Ω—Ç —Å Parcels.su <serga.74@list.ru> 
 
 
–û–ø–∏—Å–∞–Ω–∏–µ –≥—Ä—É–∑–∞:   –æ–¥–µ–∂–¥–∞ 
–°—Ç–æ–∏–º–æ—Å—Ç—å –≥—Ä—É–∑–∞ –≤ –≤–∞–ª—é—Ç–µ:   500000 –º–∏–ª–ª–∏–æ–Ω —é–∞–Ω–µ–π 
–ö–æ–ª–∏—á–µ—Å—Ç–≤–æ –∏ –≥–∞–±–∞—Ä–∏—Ç—ã –∫–æ—Ä–æ–±–æ–∫:   999 –∫–æ—Ä–æ–±–æ–∫ 
 
--–û—Ç–ø—Ä–∞–≤–ª–µ–Ω–æ —á–µ—Ä–µ–∑ —Ñ–æ—Ä–º—É –∑–∞–ø—Ä–æ—Å–∞ parcels.su 
 
 
18-06-2012, 10:14:04 –ø–∏—Å—å–º–æ –æ—Ç–ø—Ä–∞–≤–ª–µ–Ω–æ –Ω–∞ leemour@gmail.com 
–° IP-–∞–¥—Ä–µ—Å–∞ 93.80.230.208 —Å–æ —Å—Ç—Ä–∞–Ω–∏—Ü—ã http://www.parcels.su/ 
–¢–µ–∫—Å—Ç –ø–∏—Å—å–º–∞: 
–û—Ç: –ö–ª–∏–µ–Ω—Ç —Å Parcels.su <serga.74@list.ru> 
 
 
–û–ø–∏—Å–∞–Ω–∏–µ –≥—Ä—É–∑–∞:   –æ–¥–µ–∂–¥–∞ 
–°—Ç–æ–∏–º–æ—Å—Ç—å –≥—Ä—É–∑–∞ –≤ –≤–∞–ª—é—Ç–µ:   500000 –º–∏–ª–ª–∏–æ–Ω —é–∞–Ω–µ–π 
–ö–æ–ª–∏—á–µ—Å—Ç–≤–æ –∏ –≥–∞–±–∞—Ä–∏—Ç—ã –∫–æ—Ä–æ–±–æ–∫:   999 –∫–æ—Ä–æ–±–æ–∫ 
 
--–û—Ç–ø—Ä–∞–≤–ª–µ–Ω–æ —á–µ—Ä–µ–∑ —Ñ–æ—Ä–º—É –∑–∞–ø—Ä–æ—Å–∞ parcels.su 
 
 
18-06-2012, 10:30:10 –ø–∏—Å—å–º–æ –æ—Ç–ø—Ä–∞–≤–ª–µ–Ω–æ –Ω–∞ leemour@gmail.com 
–° IP-–∞–¥—Ä–µ—Å–∞ 93.80.230.208 —Å–æ —Å—Ç—Ä–∞–Ω–∏—Ü—ã http://www.parcels.su/ 
–¢–µ–∫—Å—Ç –ø–∏—Å—å–º–∞: 
–û—Ç: –ö–ª–∏–µ–Ω—Ç —Å Parcels.su <serga.74@list.ru> 
 
 
–û–ø–∏—Å–∞–Ω–∏–µ –≥—Ä—É–∑–∞:   –æ–¥–µ–∂–¥–∞ 
–°—Ç–æ–∏–º–æ—Å—Ç—å –≥—Ä—É–∑–∞ –≤ –≤–∞–ª—é—Ç–µ:   500000 –º–∏–ª–ª–∏–æ–Ω —é–∞–Ω–µ–π 
–ö–æ–ª–∏—á–µ—Å—Ç–≤–æ –∏ –≥–∞–±–∞—Ä–∏—Ç—ã –∫–æ—Ä–æ–±–æ–∫:   999 –∫–æ—Ä–æ–±–æ–∫ 
 
--–û—Ç–ø—Ä–∞–≤–ª–µ–Ω–æ —á–µ—Ä–µ–∑ —Ñ–æ—Ä–º—É –∑–∞–ø—Ä–æ—Å–∞ parcels.su 
 
 
18-06-2012, 10:35:52 –ø–∏—Å—å–º–æ –æ—Ç–ø—Ä–∞–≤–ª–µ–Ω–æ –Ω–∞ info@parcels.su 
–° IP-–∞–¥—Ä–µ—Å–∞ 93.80.230.208 —Å–æ —Å—Ç—Ä–∞–Ω–∏—Ü—ã http://www.parcels.su/ 
–¢–µ–∫—Å—Ç –ø–∏—Å—å–º–∞: 
–û—Ç: —Ç–µ—Å—Ç <leemour@gmail.com> 
+777 
 
–û–ø–∏—Å–∞–Ω–∏–µ –≥—Ä—É–∑–∞:   –æ–¥–µ–∂–¥–∞ 
–°—Ç–æ–∏–º–æ—Å—Ç—å –≥—Ä—É–∑–∞ –≤ –≤–∞–ª—é—Ç–µ:   500000 –º–∏–ª–ª–∏–æ–Ω —é–∞–Ω–µ–π 
–ö–æ–ª–∏—á–µ—Å—Ç–≤–æ –∏ –≥–∞–±–∞—Ä–∏—Ç—ã –∫–æ—Ä–æ–±–æ–∫:   999 –∫–æ—Ä–æ–±–æ–∫ 
–û–±—â–∏–π –≤–µ—Å (–∫–≥):   12 
–û–±—â–∏–π –æ–±—ä–µ–º (–º≥):   32 
–°—Ç—Ä–∞–Ω–∞ –∏ –≥–æ—Ä–æ–¥ –æ—Ç–ø—Ä–∞–≤–ª–µ–Ω–∏—è:   –ë–∞–∫—É 
–°—Ç—Ä–∞–Ω–∞ –∏ –≥–æ—Ä–æ–¥ –Ω–∞–∑–Ω–∞—á–µ–Ω–∏—è:   –ú–æ—Å–∫–≤–∞ 
–¢—Ä–µ–±—É—é—â–∏–µ—Å—è —É—Å–ª—É–≥–∏:   —É—Å–ª—É–≥–∏ 
 
--–û—Ç–ø—Ä–∞–≤–ª–µ–Ω–æ —á–µ—Ä–µ–∑ —Ñ–æ—Ä–º—É –∑–∞–ø—Ä–æ—Å–∞ parcels.su 
 
 
18-06-2012, 17:50:44 –ø–∏—Å—å–º–æ –æ—Ç–ø—Ä–∞–≤–ª–µ–Ω–æ –Ω–∞ info@parcels.su 
–° IP-–∞–¥—Ä–µ—Å–∞ 128.74.149.189 —Å–æ —Å—Ç—Ä–∞–Ω–∏—Ü—ã http://www.parcels.su/contacts 
–¢–µ–∫—Å—Ç –ø–∏—Å—å–º–∞: 
–û—Ç: –ê–ª–µ–∫—Å–∞–Ω–¥—Ä–∞ <Hatora37@rambler.ru> 
 
 
–û–ø–∏—Å–∞–Ω–∏–µ –≥—Ä—É–∑–∞:   –æ–¥–µ–∂–¥–∞  –º—É–∂—Å–∫–∞—è –∏ –∂–µ–Ω—Å–∫–∞—è, –æ–±—É–≤—å –º—É–∂—Å–∫–∞—è –∏ –∂–µ–Ω—Å–∫–∞—è, –∞–∫—Å–µ—Å—Å—É–∞—Ä—ã, —Å—É–º–∫–∏ 
–°—Ç–æ–∏–º–æ—Å—Ç—å –≥—Ä—É–∑–∞ –≤ –≤–∞–ª—é—Ç–µ:   4000$ 
–ö–æ–ª–∏—á–µ—Å—Ç–≤–æ –∏ –≥–∞–±–∞—Ä–∏—Ç—ã –∫–æ—Ä–æ–±–æ–∫:   ? 
–û–±—â–∏–π –≤–µ—Å (–∫–≥):   100 
–û–±—â–∏–π –æ–±—ä–µ–º (–º≥):   ? 
–°—Ç—Ä–∞–Ω–∞ –∏ –≥–æ—Ä–æ–¥ –æ—Ç–ø—Ä–∞–≤–ª–µ–Ω–∏—è:   –¢–∞–π–ª–∞–Ω–¥ –ë–∞–Ω–≥–∫–æ–∫ 
–°—Ç—Ä–∞–Ω–∞ –∏ –≥–æ—Ä–æ–¥ –Ω–∞–∑–Ω–∞—á–µ–Ω–∏—è:   –†–æ—Å—Å–∏—è –ö–æ—Ä—Å–∞–∫–æ–≤ 
–¢—Ä–µ–±—É—é—â–∏–µ—Å—è —É—Å–ª—É–≥–∏:   –¥–æ—Å—Ç–∞–≤–∫–∞ –¥–æ –¥–≤–µ—Ä–µ–π 
 
--–û—Ç–ø—Ä–∞–≤–ª–µ–Ω–æ —á–µ—Ä–µ–∑ —Ñ–æ—Ä–º—É –∑–∞–ø—Ä–æ—Å–∞ parcels.su 
 
 
20-06-2012, 11:54:19 –ø–∏—Å—å–º–æ –æ—Ç–ø—Ä–∞–≤–ª–µ–Ω–æ –Ω–∞ info@parcels.su 
–° IP-–∞–¥—Ä–µ—Å–∞ 91.229.50.220 —Å–æ —Å—Ç—Ä–∞–Ω–∏—Ü—ã http://www.parcels.su/payment 
–¢–µ–∫—Å—Ç –ø–∏—Å—å–º–∞: 
–û—Ç: –ê–ª—ë–Ω–∞ <scripnik_a@skytime.ru> 
737-72-75 
 
–û–ø–∏—Å–∞–Ω–∏–µ –≥—Ä—É–∑–∞:   –ó–∞–ø—á–∞—Å—Ç–∏ —á–∞—Å–æ–≤—ã–µ 
–°—Ç–æ–∏–º–æ—Å—Ç—å –≥—Ä—É–∑–∞ –≤ –≤–∞–ª—é—Ç–µ:   250 
–ö–æ–ª–∏—á–µ—Å—Ç–≤–æ –∏ –≥–∞–±–∞—Ä–∏—Ç—ã –∫–æ—Ä–æ–±–æ–∫:   1 –∫–æ—Ä–æ–±–∫–∞, –≤.12—Å–º, —à.25, –¥.33 
–û–±—â–∏–π –≤–µ—Å (–∫–≥):   2,5 
–°—Ç—Ä–∞–Ω–∞ –∏ –≥–æ—Ä–æ–¥ –æ—Ç–ø—Ä–∞–≤–ª–µ–Ω–∏—è:   –†–æ—Å—Å–∏—è, –ú–æ—Å–∫–≤–∞ 
–°—Ç—Ä–∞–Ω–∞ –∏ –≥–æ—Ä–æ–¥ –Ω–∞–∑–Ω–∞—á–µ–Ω–∏—è:   –û–ê–≠, –î—É–±–∞–∏ 
–¢—Ä–µ–±—É—é—â–∏–µ—Å—è —É—Å–ª—É–≥–∏:   –¥–æ—Å—Ç–∞–≤–∫–∞ –æ—Ç –¥–≤–µ—Ä–∏ –∫ –¥–≤–µ—Ä–∏ 
 
--–û—Ç–ø—Ä–∞–≤–ª–µ–Ω–æ —á–µ—Ä–µ–∑ —Ñ–æ—Ä–º—É –∑–∞–ø—Ä–æ—Å–∞ parcels.su 
 
 
05-07-2012, 22:50:37 –ø–∏—Å—å–º–æ –æ—Ç–ø—Ä–∞–≤–ª–µ–Ω–æ –Ω–∞ info@parcels.su 
–° IP-–∞–¥—Ä–µ—Å–∞ 217.118.79.33 —Å–æ —Å—Ç—Ä–∞–Ω–∏—Ü—ã http://www.parcels.su/ 
–¢–µ–∫—Å—Ç –ø–∏—Å—å–º–∞: 
–û—Ç: –ò–≤–∞–Ω –≤–∏–∫—Ç–æ—Ä–æ–≤–∏—á <megaarbat@gmail.com> 
79135302333 
 
–û–ø–∏—Å–∞–Ω–∏–µ –≥—Ä—É–∑–∞:   –õ–∞–º–ø—ã –∏ —Å–≤–µ—Ç–∏–ª—å–Ω—Ç–∫–∏ 
–°—Ç–æ–∏–º–æ—Å—Ç—å –≥—Ä—É–∑–∞ –≤ –≤–∞–ª—é—Ç–µ:   600 –¥–æ–ª 
–ö–æ–ª–∏—á–µ—Å—Ç–≤–æ –∏ –≥–∞–±–∞—Ä–∏—Ç—ã –∫–æ—Ä–æ–±–æ–∫:   2 –∫–æ—Ä–æ–±–∫–∏ 60—Ö40—Ö30 
–û–±—â–∏–π –≤–µ—Å (–∫–≥):   20 
–û–±—â–∏–π –æ–±—ä–µ–º (–º≥):   0.3 
–°—Ç—Ä–∞–Ω–∞ –∏ –≥–æ—Ä–æ–¥ –æ—Ç–ø—Ä–∞–≤–ª–µ–Ω–∏—è:   –ö–∏—Ç–∞–π 
–°—Ç—Ä–∞–Ω–∞ –∏ –≥–æ—Ä–æ–¥ –Ω–∞–∑–Ω–∞—á–µ–Ω–∏—è:   –ù–æ—Ä–∏–ª—å—Å–∫ 
–¢—Ä–µ–±—É—é—â–∏–µ—Å—è —É—Å–ª—É–≥–∏:   –†–∞—Å—Ç–∞–º–æ–∂–∫–∞ 
 
--–û—Ç–ø—Ä–∞–≤–ª–µ–Ω–æ —á–µ—Ä–µ–∑ —Ñ–æ—Ä–º—É –∑–∞–ø—Ä–æ—Å–∞ parcels.su 
 
 
06-07-2012, 22:20:34 –ø–∏—Å—å–º–æ –æ—Ç–ø—Ä–∞–≤–ª–µ–Ω–æ –Ω–∞ info@parcels.su 
–° IP-–∞–¥—Ä–µ—Å–∞ 87.224.180.189 —Å–æ —Å—Ç—Ä–∞–Ω–∏—Ü—ã http://www.parcels.su/contacts 
–¢–µ–∫—Å—Ç –ø–∏—Å—å–º–∞: 
–û—Ç: –ê–Ω–∞—Ç–æ–ª–∏–π  <xxxmastersky@gmail.com> 
89089072299 
 
–û–ø–∏—Å–∞–Ω–∏–µ –≥—Ä—É–∑–∞:   –ò–≥—Ä–æ–≤—ã–µ –¥–∏—Å–∫–∏ –¥–ª—è –∫–æ–Ω—Å–æ–ª–µ–π (ps3, Xbox ) 
–°—Ç–æ–∏–º–æ—Å—Ç—å –≥—Ä—É–∑–∞ –≤ –≤–∞–ª—é—Ç–µ:   –§—É–Ω—Ç—ã 
–û–±—â–∏–π –≤–µ—Å (–∫–≥):   7 
–û–±—â–∏–π –æ–±—ä–µ–º (–º≥):   - 
–°—Ç—Ä–∞–Ω–∞ –∏ –≥–æ—Ä–æ–¥ –æ—Ç–ø—Ä–∞–≤–ª–µ–Ω–∏—è:   –ê–Ω–≥–ª–∏—è  
–°—Ç—Ä–∞–Ω–∞ –∏ –≥–æ—Ä–æ–¥ –Ω–∞–∑–Ω–∞—á–µ–Ω–∏—è:   –†–æ—Å—Å–∏—è , –ï–∫–∞—Ç–µ—Ä–∏–Ω–±—É—Ä–≥ 
–¢—Ä–µ–±—É—é—â–∏–µ—Å—è —É—Å–ª—É–≥–∏:   –¢–∞–º–æ–∂–µ–Ω–Ω–∞—è –æ—á–∏—Å—Ç–∫–∞  
 
--–û—Ç–ø—Ä–∞–≤–ª–µ–Ω–æ —á–µ—Ä–µ–∑ —Ñ–æ—Ä–º—É –∑–∞–ø—Ä–æ—Å–∞ parcels.su 
 
 
14-07-2012, 11:44:25 –ø–∏—Å—å–º–æ –æ—Ç–ø—Ä–∞–≤–ª–µ–Ω–æ –Ω–∞ info@parcels.su 
–° IP-–∞–¥—Ä–µ—Å–∞ 80.237.44.161 —Å–æ —Å—Ç—Ä–∞–Ω–∏—Ü—ã http://www.parcels.su/ 
–¢–µ–∫—Å—Ç –ø–∏—Å—å–º–∞: 
–û—Ç: –í–µ–¥–µ—Ä–Ω–∏–∫–æ–≤ –ò–≥–æ—Ä—å <vedernikof@yandex.ru> 
+79103201243 
 
–û–ø–∏—Å–∞–Ω–∏–µ –≥—Ä—É–∑–∞:   –≥–æ–±–µ–ª–µ–Ω–æ–≤—ã–µ –ø–∞–Ω–Ω–æ (–∫–∞—Ä—Ç–∏–Ω—ã) 
–°—Ç–æ–∏–º–æ—Å—Ç—å –≥—Ä—É–∑–∞ –≤ –≤–∞–ª—é—Ç–µ:   150000 —Ä—É–±. 
–ö–æ–ª–∏—á–µ—Å—Ç–≤–æ –∏ –≥–∞–±–∞—Ä–∏—Ç—ã –∫–æ—Ä–æ–±–æ–∫:   30—Ö50—Ö50 —Å–º 5 —à—Ç 
–û–±—â–∏–π –≤–µ—Å (–∫–≥):   100 
–û–±—â–∏–π –æ–±—ä–µ–º (–º≥):   0,4 
–°—Ç—Ä–∞–Ω–∞ –∏ –≥–æ—Ä–æ–¥ –æ—Ç–ø—Ä–∞–≤–ª–µ–Ω–∏—è:   –†–æ—Å—Å–∏—è –≥.–ò–≤–∞–Ω–æ–≤–æ 
–°—Ç—Ä–∞–Ω–∞ –∏ –≥–æ—Ä–æ–¥ –Ω–∞–∑–Ω–∞—á–µ–Ω–∏—è:   –ß–µ—Ö–∏—è –≥.–ü—Ä–∞–≥–∞ 
 
--–û—Ç–ø—Ä–∞–≤–ª–µ–Ω–æ —á–µ—Ä–µ–∑ —Ñ–æ—Ä–º—É –∑–∞–ø—Ä–æ—Å–∞ parcels.su 
 
 
14-07-2012, 17:20:17 –ø–∏—Å—å–º–æ –æ—Ç–ø—Ä–∞–≤–ª–µ–Ω–æ –Ω–∞ info@parcels.su 
–° IP-–∞–¥—Ä–µ—Å–∞ 2.92.211.7 —Å–æ —Å—Ç—Ä–∞–Ω–∏—Ü—ã http://www.parcels.su/ 
–¢–µ–∫—Å—Ç –ø–∏—Å—å–º–∞: 
–û—Ç: –ú–∞–∫—Å–∏–º –ú–∞–∫–µ–µ–≤ <avamys@mail.ru> 
+7(987)332-50-14 
 
–û–ø–∏—Å–∞–Ω–∏–µ –≥—Ä—É–∑–∞:   –∫–æ–ª—å—Ü–æ –∑–æ–ª–æ—Ç–æ–µ,–∫–æ–Ω—Ñ–µ—Ç—ã 
–°—Ç–æ–∏–º–æ—Å—Ç—å –≥—Ä—É–∑–∞ –≤ –≤–∞–ª—é—Ç–µ:   5000 
–ö–æ–ª–∏—á–µ—Å—Ç–≤–æ –∏ –≥–∞–±–∞—Ä–∏—Ç—ã –∫–æ—Ä–æ–±–æ–∫:   1 
–û–±—â–∏–π –≤–µ—Å (–∫–≥):   1–∫–≥ 
–û–±—â–∏–π –æ–±—ä–µ–º (–º≥):   0.1 
–°—Ç—Ä–∞–Ω–∞ –∏ –≥–æ—Ä–æ–¥ –æ—Ç–ø—Ä–∞–≤–ª–µ–Ω–∏—è:   –†–æ—Å—Å–∏—è,–î–∑–µ—Ä–∂–∏–Ω—Å–∫ 
–°—Ç—Ä–∞–Ω–∞ –∏ –≥–æ—Ä–æ–¥ –Ω–∞–∑–Ω–∞—á–µ–Ω–∏—è:   –†–æ—Å—Å–∏—è,–î–∑–µ—Ä–∂–∏–Ω—Å–∫ 
–¢—Ä–µ–±—É—é—â–∏–µ—Å—è —É—Å–ª—É–≥–∏:   –¥–æ—Å—Ç–∞–≤–∫–∞ –¥–æ –∞–¥—Ä–µ—Å–∞ 
 
--–û—Ç–ø—Ä–∞–≤–ª–µ–Ω–æ —á–µ—Ä–µ–∑ —Ñ–æ—Ä–º—É –∑–∞–ø—Ä–æ—Å–∞ parcels.su 
 
 
16-07-2012, 10:37:27 –ø–∏—Å—å–º–æ –æ—Ç–ø—Ä–∞–≤–ª–µ–Ω–æ –Ω–∞ info@parcels.su 
–° IP-–∞–¥—Ä–µ—Å–∞ 62.141.101.18 —Å–æ —Å—Ç—Ä–∞–Ω–∏—Ü—ã http://www.parcels.su/contacts 
–¢–µ–∫—Å—Ç –ø–∏—Å—å–º–∞: 
–û—Ç: –¢–∞—Ç—å—è–Ω–∞ <kotelnikova@novikovgroup.ru> 
+79099092000 
 
–û–ø–∏—Å–∞–Ω–∏–µ –≥—Ä—É–∑–∞:   –∫–Ω–∏–≥–∏ 
–°—Ç–æ–∏–º–æ—Å—Ç—å –≥—Ä—É–∑–∞ –≤ –≤–∞–ª—é—Ç–µ:   350.000 —Ä—É–± 
–ö–æ–ª–∏—á–µ—Å—Ç–≤–æ –∏ –≥–∞–±–∞—Ä–∏—Ç—ã –∫–æ—Ä–æ–±–æ–∫:   11 –∫–æ—Ä–æ–±–æ–∫ 
–û–±—â–∏–π –≤–µ—Å (–∫–≥):   157 –∫–≥ 
–°—Ç—Ä–∞–Ω–∞ –∏ –≥–æ—Ä–æ–¥ –æ—Ç–ø—Ä–∞–≤–ª–µ–Ω–∏—è:   –†–æ—Å—Å–∏—è, –ú–æ—Å–∫–≤–∞ 
–°—Ç—Ä–∞–Ω–∞ –∏ –≥–æ—Ä–æ–¥ –Ω–∞–∑–Ω–∞—á–µ–Ω–∏—è:   –ò—Ç–∞–ª–∏—è, –ú–∏–ª–∞–Ω 
–¢—Ä–µ–±—É—é—â–∏–µ—Å—è —É—Å–ª—É–≥–∏:   –¥–æ—Å—Ç–∞–≤–∫–∞ –æ—Ç –¥–≤–µ—Ä–∏ –¥–æ –¥–≤–µ—Ä–∏ 
 
--–û—Ç–ø—Ä–∞–≤–ª–µ–Ω–æ —á–µ—Ä–µ–∑ —Ñ–æ—Ä–º—É –∑–∞–ø—Ä–æ—Å–∞ parcels.su 
 
 
